...found 11 targets...
...updating 10 targets...
gcc.compile.c++ bin.v2/libs/config/checks/architecture/gcc-5/debug/threading-multi/visibility-hidden/32.o
...updated 10 targets...
...found 2 targets...
...updating 1 target...
gcc.compile.c++ bin.v2/libs/config/checks/architecture/gcc-5/debug/threading-multi/visibility-hidden/arm.o
...updated 1 target...
...found 9 targets...
...updating 7 targets...
gcc.compile.c++ bin.v2/libs/filesystem/config/gcc-5/release/threading-multi/visibility-hidden/has_cxx20_atomic_ref.o
In file included from /usr/local/external-toolchain/gcc-linaro-5.3.1-arm/arm-linux-gnueabi/include/c++/5.3.1/atomic:38:0,
                 from libs/filesystem/config/has_cxx20_atomic_ref.cpp:8:
/usr/local/external-toolchain/gcc-linaro-5.3.1-arm/arm-linux-gnueabi/include/c++/5.3.1/bits/c++0x_warning.h:32:2: error: #error This file requires compiler and library support for the ISO C++ 2011 standard. This support must be enabled with the -std=c++11 or -std=gnu++11 compiler options.
 #error This file requires compiler and library support \
  ^
libs/filesystem/config/has_cxx20_atomic_ref.cpp: In function 'int main()':
libs/filesystem/config/has_cxx20_atomic_ref.cpp:15:5: error: 'atomic_ref' is not a member of 'std'
     std::atomic_ref< func_t* > ref(func);
     ^
libs/filesystem/config/has_cxx20_atomic_ref.cpp:15:28: error: expected primary-expression before '*' token
     std::atomic_ref< func_t* > ref(func);
                            ^
libs/filesystem/config/has_cxx20_atomic_ref.cpp:15:30: error: expected primary-expression before '>' token
     std::atomic_ref< func_t* > ref(func);
                              ^
libs/filesystem/config/has_cxx20_atomic_ref.cpp:15:40: error: 'ref' was not declared in this scope
     std::atomic_ref< func_t* > ref(func);
                                        ^
libs/filesystem/config/has_cxx20_atomic_ref.cpp:16:14: error: 'memory_order_relaxed' is not a member of 'std'
     ref.load(std::memory_order_relaxed);
              ^
libs/filesystem/config/has_cxx20_atomic_ref.cpp:17:27: error: 'memory_order_relaxed' is not a member of 'std'
     ref.store((func_t*)0, std::memory_order_relaxed);
                           ^

    "/usr/local/external-toolchain/gcc-linaro-5.3.1-arm/bin/arm-linux-gnueabi-gcc"   -fvisibility-inlines-hidden -fPIC -pthread -O3 -finline-functions -Wno-inline -Wall -fvisibility=hidden  -DBOOST_ALL_NO_LIB=1 -DNDEBUG  -I"." -I"libs/filesystem/src"  -c -o "bin.v2/libs/filesystem/config/gcc-5/release/threading-multi/visibility-hidden/has_cxx20_atomic_ref.o" "libs/filesystem/config/has_cxx20_atomic_ref.cpp"

...failed gcc.compile.c++ bin.v2/libs/filesystem/config/gcc-5/release/threading-multi/visibility-hidden/has_cxx20_atomic_ref.o...
...failed updating 1 target...
...updated 6 targets...
...found 138 targets...
...updating 1 target...
gcc.compile.c++ bin.v2/libs/filesystem/config/gcc-5/release/threading-multi/visibility-hidden/has_statx.o
libs/filesystem/config/has_statx.cpp: In function 'int main()':
libs/filesystem/config/has_statx.cpp:17:18: error: aggregate 'main()::statx st' has incomplete type and cannot be defined
     struct statx st;
                  ^
libs/filesystem/config/has_statx.cpp:18:75: error: 'STATX_BTIME' was not declared in this scope
     int res = statx(AT_FDCWD, ".", AT_SYMLINK_NOFOLLOW | AT_NO_AUTOMOUNT, STATX_BTIME, &st);
                                                                           ^
libs/filesystem/config/has_statx.cpp:18:91: error: invalid use of incomplete type 'struct main()::statx'
     int res = statx(AT_FDCWD, ".", AT_SYMLINK_NOFOLLOW | AT_NO_AUTOMOUNT, STATX_BTIME, &st);
                                                                                           ^
libs/filesystem/config/has_statx.cpp:17:12: note: forward declaration of 'struct main()::statx'
     struct statx st;
            ^
libs/filesystem/config/has_statx.cpp:18:9: warning: unused variable 'res' [-Wunused-variable]
     int res = statx(AT_FDCWD, ".", AT_SYMLINK_NOFOLLOW | AT_NO_AUTOMOUNT, STATX_BTIME, &st);
         ^

    "/usr/local/external-toolchain/gcc-linaro-5.3.1-arm/bin/arm-linux-gnueabi-gcc"   -fvisibility-inlines-hidden -fPIC -pthread -O3 -finline-functions -Wno-inline -Wall -fvisibility=hidden  -DBOOST_ALL_NO_LIB=1 -DNDEBUG  -I"." -I"libs/filesystem/src"  -c -o "bin.v2/libs/filesystem/config/gcc-5/release/threading-multi/visibility-hidden/has_statx.o" "libs/filesystem/config/has_statx.cpp"

...failed gcc.compile.c++ bin.v2/libs/filesystem/config/gcc-5/release/threading-multi/visibility-hidden/has_statx.o...
...failed updating 1 target...
...found 4 targets...
...updating 1 target...
gcc.compile.c++ bin.v2/libs/filesystem/config/gcc-5/release/threading-multi/visibility-hidden/has_statx_syscall.o
libs/filesystem/config/has_statx_syscall.cpp:21:2: error: #error "No statx syscall"
 #error "No statx syscall"
  ^
libs/filesystem/config/has_statx_syscall.cpp: In function 'int main()':
libs/filesystem/config/has_statx_syscall.cpp:26:18: error: aggregate 'main()::statx st' has incomplete type and cannot be defined
     struct statx st;
                  ^
libs/filesystem/config/has_statx_syscall.cpp:27:23: error: '__NR_statx' was not declared in this scope
     int res = syscall(__NR_statx, AT_FDCWD, ".", AT_SYMLINK_NOFOLLOW | AT_NO_AUTOMOUNT, STATX_BTIME, &st);
                       ^
libs/filesystem/config/has_statx_syscall.cpp:27:89: error: 'STATX_BTIME' was not declared in this scope
     int res = syscall(__NR_statx, AT_FDCWD, ".", AT_SYMLINK_NOFOLLOW | AT_NO_AUTOMOUNT, STATX_BTIME, &st);
                                                                                         ^
libs/filesystem/config/has_statx_syscall.cpp:27:9: warning: unused variable 'res' [-Wunused-variable]
     int res = syscall(__NR_statx, AT_FDCWD, ".", AT_SYMLINK_NOFOLLOW | AT_NO_AUTOMOUNT, STATX_BTIME, &st);
         ^

    "/usr/local/external-toolchain/gcc-linaro-5.3.1-arm/bin/arm-linux-gnueabi-gcc"   -fvisibility-inlines-hidden -fPIC -pthread -O3 -finline-functions -Wno-inline -Wall -fvisibility=hidden  -DBOOST_ALL_NO_LIB=1 -DNDEBUG  -I"." -I"libs/filesystem/src"  -c -o "bin.v2/libs/filesystem/config/gcc-5/release/threading-multi/visibility-hidden/has_statx_syscall.o" "libs/filesystem/config/has_statx_syscall.cpp"

...failed gcc.compile.c++ bin.v2/libs/filesystem/config/gcc-5/release/threading-multi/visibility-hidden/has_statx_syscall.o...
...failed updating 1 target...
...patience...
...found 2 targets...
...updating 1 target...
gcc.compile.c++ bin.v2/libs/filesystem/config/gcc-5/release/threading-multi/visibility-hidden/has_attribute_init_priority.o
...updated 1 target...
...found 2 targets...
...updating 1 target...
gcc.compile.c++ bin.v2/libs/filesystem/config/gcc-5/release/threading-multi/visibility-hidden/has_stat_st_mtim.o
libs/filesystem/config/has_stat_st_mtim.cpp: In function 'int main()':
libs/filesystem/config/has_stat_st_mtim.cpp:16:17: warning: variable 'st' set but not used [-Wunused-but-set-variable]
     struct stat st;
                 ^
...updated 1 target...
...found 2 targets...
...updating 1 target...
gcc.compile.c++ bin.v2/libs/filesystem/config/gcc-5/release/threading-multi/visibility-hidden/has_stat_st_mtimensec.o
libs/filesystem/config/has_stat_st_mtimensec.cpp: In function 'int main()':
libs/filesystem/config/has_stat_st_mtimensec.cpp:17:8: error: 'struct stat' has no member named 'st_mtimensec'
     st.st_mtimensec = 10;
        ^

    "/usr/local/external-toolchain/gcc-linaro-5.3.1-arm/bin/arm-linux-gnueabi-gcc"   -fvisibility-inlines-hidden -fPIC -pthread -O3 -finline-functions -Wno-inline -Wall -fvisibility=hidden  -DBOOST_ALL_NO_LIB=1 -DNDEBUG  -I"." -I"libs/filesystem/src"  -c -o "bin.v2/libs/filesystem/config/gcc-5/release/threading-multi/visibility-hidden/has_stat_st_mtimensec.o" "libs/filesystem/config/has_stat_st_mtimensec.cpp"

...failed gcc.compile.c++ bin.v2/libs/filesystem/config/gcc-5/release/threading-multi/visibility-hidden/has_stat_st_mtimensec.o...
...failed updating 1 target...
...found 2 targets...
...updating 1 target...
gcc.compile.c++ bin.v2/libs/filesystem/config/gcc-5/release/threading-multi/visibility-hidden/has_stat_st_mtimespec.o
libs/filesystem/config/has_stat_st_mtimespec.cpp: In function 'int main()':
libs/filesystem/config/has_stat_st_mtimespec.cpp:17:8: error: 'struct stat' has no member named 'st_mtimespec'
     st.st_mtimespec.tv_nsec = 10;
        ^

    "/usr/local/external-toolchain/gcc-linaro-5.3.1-arm/bin/arm-linux-gnueabi-gcc"   -fvisibility-inlines-hidden -fPIC -pthread -O3 -finline-functions -Wno-inline -Wall -fvisibility=hidden  -DBOOST_ALL_NO_LIB=1 -DNDEBUG  -I"." -I"libs/filesystem/src"  -c -o "bin.v2/libs/filesystem/config/gcc-5/release/threading-multi/visibility-hidden/has_stat_st_mtimespec.o" "libs/filesystem/config/has_stat_st_mtimespec.cpp"

...failed gcc.compile.c++ bin.v2/libs/filesystem/config/gcc-5/release/threading-multi/visibility-hidden/has_stat_st_mtimespec.o...
...failed updating 1 target...
...found 2 targets...
...updating 1 target...
gcc.compile.c++ bin.v2/libs/filesystem/config/gcc-5/release/threading-multi/visibility-hidden/has_stat_st_birthtim.o
libs/filesystem/config/has_stat_st_birthtim.cpp: In function 'int main()':
libs/filesystem/config/has_stat_st_birthtim.cpp:17:8: error: 'struct stat' has no member named 'st_birthtim'
     st.st_birthtim.tv_sec = 1;
        ^
libs/filesystem/config/has_stat_st_birthtim.cpp:18:8: error: 'struct stat' has no member named 'st_birthtim'
     st.st_birthtim.tv_nsec = 10;
        ^

    "/usr/local/external-toolchain/gcc-linaro-5.3.1-arm/bin/arm-linux-gnueabi-gcc"   -fvisibility-inlines-hidden -fPIC -pthread -O3 -finline-functions -Wno-inline -Wall -fvisibility=hidden  -DBOOST_ALL_NO_LIB=1 -DNDEBUG  -I"." -I"libs/filesystem/src"  -c -o "bin.v2/libs/filesystem/config/gcc-5/release/threading-multi/visibility-hidden/has_stat_st_birthtim.o" "libs/filesystem/config/has_stat_st_birthtim.cpp"

...failed gcc.compile.c++ bin.v2/libs/filesystem/config/gcc-5/release/threading-multi/visibility-hidden/has_stat_st_birthtim.o...
...failed updating 1 target...
...found 2 targets...
...updating 1 target...
gcc.compile.c++ bin.v2/libs/filesystem/config/gcc-5/release/threading-multi/visibility-hidden/has_stat_st_birthtimensec.o
libs/filesystem/config/has_stat_st_birthtimensec.cpp: In function 'int main()':
libs/filesystem/config/has_stat_st_birthtimensec.cpp:17:8: error: 'struct stat' has no member named 'st_birthtime'
     st.st_birthtime = 1;
        ^
libs/filesystem/config/has_stat_st_birthtimensec.cpp:18:8: error: 'struct stat' has no member named 'st_birthtimensec'
     st.st_birthtimensec = 10;
        ^

    "/usr/local/external-toolchain/gcc-linaro-5.3.1-arm/bin/arm-linux-gnueabi-gcc"   -fvisibility-inlines-hidden -fPIC -pthread -O3 -finline-functions -Wno-inline -Wall -fvisibility=hidden  -DBOOST_ALL_NO_LIB=1 -DNDEBUG  -I"." -I"libs/filesystem/src"  -c -o "bin.v2/libs/filesystem/config/gcc-5/release/threading-multi/visibility-hidden/has_stat_st_birthtimensec.o" "libs/filesystem/config/has_stat_st_birthtimensec.cpp"

...failed gcc.compile.c++ bin.v2/libs/filesystem/config/gcc-5/release/threading-multi/visibility-hidden/has_stat_st_birthtimensec.o...
...failed updating 1 target...
...found 2 targets...
...updating 1 target...
gcc.compile.c++ bin.v2/libs/filesystem/config/gcc-5/release/threading-multi/visibility-hidden/has_stat_st_birthtimespec.o
libs/filesystem/config/has_stat_st_birthtimespec.cpp: In function 'int main()':
libs/filesystem/config/has_stat_st_birthtimespec.cpp:17:8: error: 'struct stat' has no member named 'st_birthtimespec'
     st.st_birthtimespec.tv_sec = 1;
        ^
libs/filesystem/config/has_stat_st_birthtimespec.cpp:18:8: error: 'struct stat' has no member named 'st_birthtimespec'
     st.st_birthtimespec.tv_nsec = 10;
        ^

    "/usr/local/external-toolchain/gcc-linaro-5.3.1-arm/bin/arm-linux-gnueabi-gcc"   -fvisibility-inlines-hidden -fPIC -pthread -O3 -finline-functions -Wno-inline -Wall -fvisibility=hidden  -DBOOST_ALL_NO_LIB=1 -DNDEBUG  -I"." -I"libs/filesystem/src"  -c -o "bin.v2/libs/filesystem/config/gcc-5/release/threading-multi/visibility-hidden/has_stat_st_birthtimespec.o" "libs/filesystem/config/has_stat_st_birthtimespec.cpp"

...failed gcc.compile.c++ bin.v2/libs/filesystem/config/gcc-5/release/threading-multi/visibility-hidden/has_stat_st_birthtimespec.o...
...failed updating 1 target...
...found 107 targets...
...updating 5 targets...
gcc.compile.c++ bin.v2/libs/config/checks/gcc-5/release/threading-multi/visibility-hidden/cxx11_auto_declarations.o
libs/config/checks/test_case.cpp:216:7: error: #error "Defect macro BOOST_NO_CXX11_AUTO_DECLARATIONS is defined."
 #     error "Defect macro BOOST_NO_CXX11_AUTO_DECLARATIONS is defined."
       ^

    "/usr/local/external-toolchain/gcc-linaro-5.3.1-arm/bin/arm-linux-gnueabi-gcc"   -fvisibility-inlines-hidden -fPIC -pthread -O3 -finline-functions -Wno-inline -Wall -fvisibility=hidden  -DBOOST_ALL_NO_LIB=1 -DNDEBUG -DTEST_BOOST_NO_CXX11_AUTO_DECLARATIONS  -I"."  -c -o "bin.v2/libs/config/checks/gcc-5/release/threading-multi/visibility-hidden/cxx11_auto_declarations.o" "libs/config/checks/test_case.cpp"

...failed gcc.compile.c++ bin.v2/libs/config/checks/gcc-5/release/threading-multi/visibility-hidden/cxx11_auto_declarations.o...
...failed updating 1 target...
...updated 4 targets...
...found 1 target...
...updating 1 target...
gcc.compile.c++ bin.v2/libs/config/checks/gcc-5/release/threading-multi/visibility-hidden/cxx11_constexpr.o
libs/config/checks/test_case.cpp:251:7: error: #error "Defect macro BOOST_NO_CXX11_CONSTEXPR is defined."
 #     error "Defect macro BOOST_NO_CXX11_CONSTEXPR is defined."
       ^

    "/usr/local/external-toolchain/gcc-linaro-5.3.1-arm/bin/arm-linux-gnueabi-gcc"   -fvisibility-inlines-hidden -fPIC -pthread -O3 -finline-functions -Wno-inline -Wall -fvisibility=hidden  -DBOOST_ALL_NO_LIB=1 -DNDEBUG -DTEST_BOOST_NO_CXX11_CONSTEXPR  -I"."  -c -o "bin.v2/libs/config/checks/gcc-5/release/threading-multi/visibility-hidden/cxx11_constexpr.o" "libs/config/checks/test_case.cpp"

...failed gcc.compile.c++ bin.v2/libs/config/checks/gcc-5/release/threading-multi/visibility-hidden/cxx11_constexpr.o...
...failed updating 1 target...
...found 1 target...
...updating 1 target...
gcc.compile.c++ bin.v2/libs/config/checks/gcc-5/release/threading-multi/visibility-hidden/cxx11_defaulted_functions.o
libs/config/checks/test_case.cpp:731:7: error: #error "Defect macro BOOST_NO_CXX11_DEFAULTED_FUNCTIONS is defined."
 #     error "Defect macro BOOST_NO_CXX11_DEFAULTED_FUNCTIONS is defined."
       ^

    "/usr/local/external-toolchain/gcc-linaro-5.3.1-arm/bin/arm-linux-gnueabi-gcc"   -fvisibility-inlines-hidden -fPIC -pthread -O3 -finline-functions -Wno-inline -Wall -fvisibility=hidden  -DBOOST_ALL_NO_LIB=1 -DNDEBUG -DTEST_BOOST_NO_CXX11_DEFAULTED_FUNCTIONS  -I"."  -c -o "bin.v2/libs/config/checks/gcc-5/release/threading-multi/visibility-hidden/cxx11_defaulted_functions.o" "libs/config/checks/test_case.cpp"

...failed gcc.compile.c++ bin.v2/libs/config/checks/gcc-5/release/threading-multi/visibility-hidden/cxx11_defaulted_functions.o...
...failed updating 1 target...
...found 1 target...
...updating 1 target...
gcc.compile.c++ bin.v2/libs/config/checks/gcc-5/release/threading-multi/visibility-hidden/cxx11_final.o
libs/config/checks/test_case.cpp:321:7: error: #error "Defect macro BOOST_NO_CXX11_FINAL is defined."
 #     error "Defect macro BOOST_NO_CXX11_FINAL is defined."
       ^

    "/usr/local/external-toolchain/gcc-linaro-5.3.1-arm/bin/arm-linux-gnueabi-gcc"   -fvisibility-inlines-hidden -fPIC -pthread -O3 -finline-functions -Wno-inline -Wall -fvisibility=hidden  -DBOOST_ALL_NO_LIB=1 -DNDEBUG -DTEST_BOOST_NO_CXX11_FINAL  -I"."  -c -o "bin.v2/libs/config/checks/gcc-5/release/threading-multi/visibility-hidden/cxx11_final.o" "libs/config/checks/test_case.cpp"

...failed gcc.compile.c++ bin.v2/libs/config/checks/gcc-5/release/threading-multi/visibility-hidden/cxx11_final.o...
...failed updating 1 target...
...found 1 target...
...updating 1 target...
gcc.compile.c++ bin.v2/libs/config/checks/gcc-5/release/threading-multi/visibility-hidden/cxx11_hdr_mutex.o
libs/config/checks/test_case.cpp:366:7: error: #error "Defect macro BOOST_NO_CXX11_HDR_MUTEX is defined."
 #     error "Defect macro BOOST_NO_CXX11_HDR_MUTEX is defined."
       ^

    "/usr/local/external-toolchain/gcc-linaro-5.3.1-arm/bin/arm-linux-gnueabi-gcc"   -fvisibility-inlines-hidden -fPIC -pthread -O3 -finline-functions -Wno-inline -Wall -fvisibility=hidden  -DBOOST_ALL_NO_LIB=1 -DNDEBUG -DTEST_BOOST_NO_CXX11_HDR_MUTEX  -I"."  -c -o "bin.v2/libs/config/checks/gcc-5/release/threading-multi/visibility-hidden/cxx11_hdr_mutex.o" "libs/config/checks/test_case.cpp"

...failed gcc.compile.c++ bin.v2/libs/config/checks/gcc-5/release/threading-multi/visibility-hidden/cxx11_hdr_mutex.o...
...failed updating 1 target...
...found 1 target...
...updating 1 target...
gcc.compile.c++ bin.v2/libs/config/checks/gcc-5/release/threading-multi/visibility-hidden/cxx11_hdr_tuple.o
libs/config/checks/test_case.cpp:396:7: error: #error "Defect macro BOOST_NO_CXX11_HDR_TUPLE is defined."
 #     error "Defect macro BOOST_NO_CXX11_HDR_TUPLE is defined."
       ^

    "/usr/local/external-toolchain/gcc-linaro-5.3.1-arm/bin/arm-linux-gnueabi-gcc"   -fvisibility-inlines-hidden -fPIC -pthread -O3 -finline-functions -Wno-inline -Wall -fvisibility=hidden  -DBOOST_ALL_NO_LIB=1 -DNDEBUG -DTEST_BOOST_NO_CXX11_HDR_TUPLE  -I"."  -c -o "bin.v2/libs/config/checks/gcc-5/release/threading-multi/visibility-hidden/cxx11_hdr_tuple.o" "libs/config/checks/test_case.cpp"

...failed gcc.compile.c++ bin.v2/libs/config/checks/gcc-5/release/threading-multi/visibility-hidden/cxx11_hdr_tuple.o...
...failed updating 1 target...
...found 1 target...
...updating 1 target...
gcc.compile.c++ bin.v2/libs/config/checks/gcc-5/release/threading-multi/visibility-hidden/cxx11_lambdas.o
libs/config/checks/test_case.cpp:836:7: error: #error "Defect macro BOOST_NO_CXX11_LAMBDAS is defined."
 #     error "Defect macro BOOST_NO_CXX11_LAMBDAS is defined."
       ^

    "/usr/local/external-toolchain/gcc-linaro-5.3.1-arm/bin/arm-linux-gnueabi-gcc"   -fvisibility-inlines-hidden -fPIC -pthread -O3 -finline-functions -Wno-inline -Wall -fvisibility=hidden  -DBOOST_ALL_NO_LIB=1 -DNDEBUG -DTEST_BOOST_NO_CXX11_LAMBDAS  -I"."  -c -o "bin.v2/libs/config/checks/gcc-5/release/threading-multi/visibility-hidden/cxx11_lambdas.o" "libs/config/checks/test_case.cpp"

...failed gcc.compile.c++ bin.v2/libs/config/checks/gcc-5/release/threading-multi/visibility-hidden/cxx11_lambdas.o...
...failed updating 1 target...
...found 1 target...
...updating 1 target...
gcc.compile.c++ bin.v2/libs/config/checks/gcc-5/release/threading-multi/visibility-hidden/cxx11_noexcept.o
libs/config/checks/test_case.cpp:891:7: error: #error "Defect macro BOOST_NO_CXX11_NOEXCEPT is defined."
 #     error "Defect macro BOOST_NO_CXX11_NOEXCEPT is defined."
       ^

    "/usr/local/external-toolchain/gcc-linaro-5.3.1-arm/bin/arm-linux-gnueabi-gcc"   -fvisibility-inlines-hidden -fPIC -pthread -O3 -finline-functions -Wno-inline -Wall -fvisibility=hidden  -DBOOST_ALL_NO_LIB=1 -DNDEBUG -DTEST_BOOST_NO_CXX11_NOEXCEPT  -I"."  -c -o "bin.v2/libs/config/checks/gcc-5/release/threading-multi/visibility-hidden/cxx11_noexcept.o" "libs/config/checks/test_case.cpp"

...failed gcc.compile.c++ bin.v2/libs/config/checks/gcc-5/release/threading-multi/visibility-hidden/cxx11_noexcept.o...
...failed updating 1 target...
...found 1 target...
...updating 1 target...
gcc.compile.c++ bin.v2/libs/config/checks/gcc-5/release/threading-multi/visibility-hidden/cxx11_nullptr.o
libs/config/checks/test_case.cpp:896:7: error: #error "Defect macro BOOST_NO_CXX11_NULLPTR is defined."
 #     error "Defect macro BOOST_NO_CXX11_NULLPTR is defined."
       ^

    "/usr/local/external-toolchain/gcc-linaro-5.3.1-arm/bin/arm-linux-gnueabi-gcc"   -fvisibility-inlines-hidden -fPIC -pthread -O3 -finline-functions -Wno-inline -Wall -fvisibility=hidden  -DBOOST_ALL_NO_LIB=1 -DNDEBUG -DTEST_BOOST_NO_CXX11_NULLPTR  -I"."  -c -o "bin.v2/libs/config/checks/gcc-5/release/threading-multi/visibility-hidden/cxx11_nullptr.o" "libs/config/checks/test_case.cpp"

...failed gcc.compile.c++ bin.v2/libs/config/checks/gcc-5/release/threading-multi/visibility-hidden/cxx11_nullptr.o...
...failed updating 1 target...
...found 1 target...
...updating 1 target...
gcc.compile.c++ bin.v2/libs/config/checks/gcc-5/release/threading-multi/visibility-hidden/cxx11_rvalue_references.o
libs/config/checks/test_case.cpp:951:7: error: #error "Defect macro BOOST_NO_CXX11_RVALUE_REFERENCES is defined."
 #     error "Defect macro BOOST_NO_CXX11_RVALUE_REFERENCES is defined."
       ^

    "/usr/local/external-toolchain/gcc-linaro-5.3.1-arm/bin/arm-linux-gnueabi-gcc"   -fvisibility-inlines-hidden -fPIC -pthread -O3 -finline-functions -Wno-inline -Wall -fvisibility=hidden  -DBOOST_ALL_NO_LIB=1 -DNDEBUG -DTEST_BOOST_NO_CXX11_RVALUE_REFERENCES  -I"."  -c -o "bin.v2/libs/config/checks/gcc-5/release/threading-multi/visibility-hidden/cxx11_rvalue_references.o" "libs/config/checks/test_case.cpp"

...failed gcc.compile.c++ bin.v2/libs/config/checks/gcc-5/release/threading-multi/visibility-hidden/cxx11_rvalue_references.o...
...failed updating 1 target...
...found 1 target...
...updating 1 target...
gcc.compile.c++ bin.v2/libs/config/checks/gcc-5/release/threading-multi/visibility-hidden/cxx11_template_aliases.o
libs/config/checks/test_case.cpp:1056:7: error: #error "Defect macro BOOST_NO_CXX11_TEMPLATE_ALIASES is defined."
 #     error "Defect macro BOOST_NO_CXX11_TEMPLATE_ALIASES is defined."
       ^

    "/usr/local/external-toolchain/gcc-linaro-5.3.1-arm/bin/arm-linux-gnueabi-gcc"   -fvisibility-inlines-hidden -fPIC -pthread -O3 -finline-functions -Wno-inline -Wall -fvisibility=hidden  -DBOOST_ALL_NO_LIB=1 -DNDEBUG -DTEST_BOOST_NO_CXX11_TEMPLATE_ALIASES  -I"."  -c -o "bin.v2/libs/config/checks/gcc-5/release/threading-multi/visibility-hidden/cxx11_template_aliases.o" "libs/config/checks/test_case.cpp"

...failed gcc.compile.c++ bin.v2/libs/config/checks/gcc-5/release/threading-multi/visibility-hidden/cxx11_template_aliases.o...
...failed updating 1 target...
...found 1 target...
...updating 1 target...
gcc.compile.c++ bin.v2/libs/config/checks/gcc-5/release/threading-multi/visibility-hidden/cxx11_thread_local.o
libs/config/checks/test_case.cpp:466:7: error: #error "Defect macro BOOST_NO_CXX11_THREAD_LOCAL is defined."
 #     error "Defect macro BOOST_NO_CXX11_THREAD_LOCAL is defined."
       ^

    "/usr/local/external-toolchain/gcc-linaro-5.3.1-arm/bin/arm-linux-gnueabi-gcc"   -fvisibility-inlines-hidden -fPIC -pthread -O3 -finline-functions -Wno-inline -Wall -fvisibility=hidden  -DBOOST_ALL_NO_LIB=1 -DNDEBUG -DTEST_BOOST_NO_CXX11_THREAD_LOCAL  -I"."  -c -o "bin.v2/libs/config/checks/gcc-5/release/threading-multi/visibility-hidden/cxx11_thread_local.o" "libs/config/checks/test_case.cpp"

...failed gcc.compile.c++ bin.v2/libs/config/checks/gcc-5/release/threading-multi/visibility-hidden/cxx11_thread_local.o...
...failed updating 1 target...
...found 1 target...
...updating 1 target...
gcc.compile.c++ bin.v2/libs/config/checks/gcc-5/release/threading-multi/visibility-hidden/cxx11_variadic_templates.o
libs/config/checks/test_case.cpp:1116:7: error: #error "Defect macro BOOST_NO_CXX11_VARIADIC_TEMPLATES is defined."
 #     error "Defect macro BOOST_NO_CXX11_VARIADIC_TEMPLATES is defined."
       ^

    "/usr/local/external-toolchain/gcc-linaro-5.3.1-arm/bin/arm-linux-gnueabi-gcc"   -fvisibility-inlines-hidden -fPIC -pthread -O3 -finline-functions -Wno-inline -Wall -fvisibility=hidden  -DBOOST_ALL_NO_LIB=1 -DNDEBUG -DTEST_BOOST_NO_CXX11_VARIADIC_TEMPLATES  -I"."  -c -o "bin.v2/libs/config/checks/gcc-5/release/threading-multi/visibility-hidden/cxx11_variadic_templates.o" "libs/config/checks/test_case.cpp"

...failed gcc.compile.c++ bin.v2/libs/config/checks/gcc-5/release/threading-multi/visibility-hidden/cxx11_variadic_templates.o...
...failed updating 1 target...
...found 28 targets...
...updating 8 targets...
gcc.compile.c++ bin.v2/libs/regex/build/gcc-5/release/threading-multi/visibility-hidden/has_icu_test.o
libs/regex/build/has_icu_test.cpp:12:30: fatal error: unicode/uversion.h: No such file or directory
compilation terminated.

    "/usr/local/external-toolchain/gcc-linaro-5.3.1-arm/bin/arm-linux-gnueabi-gcc"   -fvisibility-inlines-hidden -fPIC -pthread -O3 -finline-functions -Wno-inline -Wall -fvisibility=hidden  -DBOOST_ALL_NO_LIB=1 -DBOOST_HAS_ICU=1 -DNDEBUG  -I"."  -c -o "bin.v2/libs/regex/build/gcc-5/release/threading-multi/visibility-hidden/has_icu_test.o" "libs/regex/build/has_icu_test.cpp"

...failed gcc.compile.c++ bin.v2/libs/regex/build/gcc-5/release/threading-multi/visibility-hidden/has_icu_test.o...
...skipped <pbin.v2/libs/regex/build/gcc-5/release/threading-multi/visibility-hidden>has_icu for lack of <pbin.v2/libs/regex/build/gcc-5/release/threading-multi/visibility-hidden>has_icu_test.o...
...failed updating 1 target...
...skipped 1 target...
...updated 6 targets...
...found 10 targets...
...updating 8 targets...
gcc.compile.c++ bin.v2/standalone/ac/gcc-5/release/threading-multi/visibility-hidden/zlib_h.o
bin.v2/standalone/ac/zlib_h.cpp:1:18: fatal error: zlib.h: No such file or directory
compilation terminated.

    "/usr/local/external-toolchain/gcc-linaro-5.3.1-arm/bin/arm-linux-gnueabi-gcc"   -fvisibility-inlines-hidden -fPIC -pthread -O3 -finline-functions -Wno-inline -Wall -fvisibility=hidden  -DNDEBUG    -c -o "bin.v2/standalone/ac/gcc-5/release/threading-multi/visibility-hidden/zlib_h.o" "bin.v2/standalone/ac/zlib_h.cpp"

...failed gcc.compile.c++ bin.v2/standalone/ac/gcc-5/release/threading-multi/visibility-hidden/zlib_h.o...
...failed updating 1 target...
...updated 7 targets...
...found 5 targets...
...updating 3 targets...
gcc.compile.c++ bin.v2/standalone/ac/gcc-5/release/threading-multi/visibility-hidden/main-z.o
gcc.link bin.v2/standalone/ac/gcc-5/release/threading-multi/visibility-hidden/z
/usr/local/external-toolchain/gcc-linaro-5.3.1-arm/bin/../lib/gcc/arm-linux-gnueabi/5.3.1/../../../../arm-linux-gnueabi/bin/ld: 找不到 -lz
collect2: error: ld returned 1 exit status

    "/usr/local/external-toolchain/gcc-linaro-5.3.1-arm/bin/arm-linux-gnueabi-gcc"    -o "bin.v2/standalone/ac/gcc-5/release/threading-multi/visibility-hidden/z" -Wl,--start-group "bin.v2/standalone/ac/gcc-5/release/threading-multi/visibility-hidden/main-z.o"  -Wl,-Bstatic  -Wl,-Bdynamic -lrt -lz -Wl,--end-group -fPIC -pthread -fvisibility=hidden -fvisibility-inlines-hidden 

...failed gcc.link bin.v2/standalone/ac/gcc-5/release/threading-multi/visibility-hidden/z...
...failed updating 1 target...
...updated 2 targets...
...found 5 targets...
...updating 3 targets...
gcc.compile.c++ bin.v2/standalone/ac/gcc-5/release/threading-multi/visibility-hidden/main-zlib.o
gcc.link bin.v2/standalone/ac/gcc-5/release/threading-multi/visibility-hidden/zlib
/usr/local/external-toolchain/gcc-linaro-5.3.1-arm/bin/../lib/gcc/arm-linux-gnueabi/5.3.1/../../../../arm-linux-gnueabi/bin/ld: 找不到 -lzlib
collect2: error: ld returned 1 exit status

    "/usr/local/external-toolchain/gcc-linaro-5.3.1-arm/bin/arm-linux-gnueabi-gcc"    -o "bin.v2/standalone/ac/gcc-5/release/threading-multi/visibility-hidden/zlib" -Wl,--start-group "bin.v2/standalone/ac/gcc-5/release/threading-multi/visibility-hidden/main-zlib.o"  -Wl,-Bstatic  -Wl,-Bdynamic -lrt -lzlib -Wl,--end-group -fPIC -pthread -fvisibility=hidden -fvisibility-inlines-hidden 

...failed gcc.link bin.v2/standalone/ac/gcc-5/release/threading-multi/visibility-hidden/zlib...
...failed updating 1 target...
...updated 2 targets...
...found 5 targets...
...updating 3 targets...
gcc.compile.c++ bin.v2/standalone/ac/gcc-5/release/threading-multi/visibility-hidden/main-zll.o
gcc.link bin.v2/standalone/ac/gcc-5/release/threading-multi/visibility-hidden/zll
/usr/local/external-toolchain/gcc-linaro-5.3.1-arm/bin/../lib/gcc/arm-linux-gnueabi/5.3.1/../../../../arm-linux-gnueabi/bin/ld: 找不到 -lzll
collect2: error: ld returned 1 exit status

    "/usr/local/external-toolchain/gcc-linaro-5.3.1-arm/bin/arm-linux-gnueabi-gcc"    -o "bin.v2/standalone/ac/gcc-5/release/threading-multi/visibility-hidden/zll" -Wl,--start-group "bin.v2/standalone/ac/gcc-5/release/threading-multi/visibility-hidden/main-zll.o"  -Wl,-Bstatic  -Wl,-Bdynamic -lrt -lzll -Wl,--end-group -fPIC -pthread -fvisibility=hidden -fvisibility-inlines-hidden 

...failed gcc.link bin.v2/standalone/ac/gcc-5/release/threading-multi/visibility-hidden/zll...
...failed updating 1 target...
...updated 2 targets...
...found 5 targets...
...updating 3 targets...
gcc.compile.c++ bin.v2/standalone/ac/gcc-5/release/threading-multi/visibility-hidden/main-zdll.o
gcc.link bin.v2/standalone/ac/gcc-5/release/threading-multi/visibility-hidden/zdll
/usr/local/external-toolchain/gcc-linaro-5.3.1-arm/bin/../lib/gcc/arm-linux-gnueabi/5.3.1/../../../../arm-linux-gnueabi/bin/ld: 找不到 -lzdll
collect2: error: ld returned 1 exit status

    "/usr/local/external-toolchain/gcc-linaro-5.3.1-arm/bin/arm-linux-gnueabi-gcc"    -o "bin.v2/standalone/ac/gcc-5/release/threading-multi/visibility-hidden/zdll" -Wl,--start-group "bin.v2/standalone/ac/gcc-5/release/threading-multi/visibility-hidden/main-zdll.o"  -Wl,-Bstatic  -Wl,-Bdynamic -lrt -lzdll -Wl,--end-group -fPIC -pthread -fvisibility=hidden -fvisibility-inlines-hidden 

...failed gcc.link bin.v2/standalone/ac/gcc-5/release/threading-multi/visibility-hidden/zdll...
...failed updating 1 target...
...updated 2 targets...
...found 5 targets...
...updating 5 targets...
gcc.compile.c++ bin.v2/standalone/ac/gcc-5/release/link-static/threading-multi/visibility-hidden/main-z.o
gcc.link bin.v2/standalone/ac/gcc-5/release/link-static/threading-multi/visibility-hidden/z
/usr/local/external-toolchain/gcc-linaro-5.3.1-arm/bin/../lib/gcc/arm-linux-gnueabi/5.3.1/../../../../arm-linux-gnueabi/bin/ld: 找不到 -lz
collect2: error: ld returned 1 exit status

    "/usr/local/external-toolchain/gcc-linaro-5.3.1-arm/bin/arm-linux-gnueabi-gcc"    -o "bin.v2/standalone/ac/gcc-5/release/link-static/threading-multi/visibility-hidden/z" -Wl,--start-group "bin.v2/standalone/ac/gcc-5/release/link-static/threading-multi/visibility-hidden/main-z.o"  -Wl,-Bstatic -lz -Wl,-Bdynamic -lrt -Wl,--end-group -pthread -fvisibility=hidden -fvisibility-inlines-hidden 

...failed gcc.link bin.v2/standalone/ac/gcc-5/release/link-static/threading-multi/visibility-hidden/z...
...failed updating 1 target...
...updated 4 targets...
...found 2 targets...
...updating 2 targets...
gcc.compile.c++ bin.v2/standalone/ac/gcc-5/release/link-static/threading-multi/visibility-hidden/main-zlib.o
gcc.link bin.v2/standalone/ac/gcc-5/release/link-static/threading-multi/visibility-hidden/zlib
/usr/local/external-toolchain/gcc-linaro-5.3.1-arm/bin/../lib/gcc/arm-linux-gnueabi/5.3.1/../../../../arm-linux-gnueabi/bin/ld: 找不到 -lzlib
collect2: error: ld returned 1 exit status

    "/usr/local/external-toolchain/gcc-linaro-5.3.1-arm/bin/arm-linux-gnueabi-gcc"    -o "bin.v2/standalone/ac/gcc-5/release/link-static/threading-multi/visibility-hidden/zlib" -Wl,--start-group "bin.v2/standalone/ac/gcc-5/release/link-static/threading-multi/visibility-hidden/main-zlib.o"  -Wl,-Bstatic -lzlib -Wl,-Bdynamic -lrt -Wl,--end-group -pthread -fvisibility=hidden -fvisibility-inlines-hidden 

...failed gcc.link bin.v2/standalone/ac/gcc-5/release/link-static/threading-multi/visibility-hidden/zlib...
...failed updating 1 target...
...updated 1 target...
...found 2 targets...
...updating 2 targets...
gcc.compile.c++ bin.v2/standalone/ac/gcc-5/release/link-static/threading-multi/visibility-hidden/main-zll.o
gcc.link bin.v2/standalone/ac/gcc-5/release/link-static/threading-multi/visibility-hidden/zll
/usr/local/external-toolchain/gcc-linaro-5.3.1-arm/bin/../lib/gcc/arm-linux-gnueabi/5.3.1/../../../../arm-linux-gnueabi/bin/ld: 找不到 -lzll
collect2: error: ld returned 1 exit status

    "/usr/local/external-toolchain/gcc-linaro-5.3.1-arm/bin/arm-linux-gnueabi-gcc"    -o "bin.v2/standalone/ac/gcc-5/release/link-static/threading-multi/visibility-hidden/zll" -Wl,--start-group "bin.v2/standalone/ac/gcc-5/release/link-static/threading-multi/visibility-hidden/main-zll.o"  -Wl,-Bstatic -lzll -Wl,-Bdynamic -lrt -Wl,--end-group -pthread -fvisibility=hidden -fvisibility-inlines-hidden 

...failed gcc.link bin.v2/standalone/ac/gcc-5/release/link-static/threading-multi/visibility-hidden/zll...
...failed updating 1 target...
...updated 1 target...
...found 2 targets...
...updating 2 targets...
gcc.compile.c++ bin.v2/standalone/ac/gcc-5/release/link-static/threading-multi/visibility-hidden/main-zdll.o
gcc.link bin.v2/standalone/ac/gcc-5/release/link-static/threading-multi/visibility-hidden/zdll
/usr/local/external-toolchain/gcc-linaro-5.3.1-arm/bin/../lib/gcc/arm-linux-gnueabi/5.3.1/../../../../arm-linux-gnueabi/bin/ld: 找不到 -lzdll
collect2: error: ld returned 1 exit status

    "/usr/local/external-toolchain/gcc-linaro-5.3.1-arm/bin/arm-linux-gnueabi-gcc"    -o "bin.v2/standalone/ac/gcc-5/release/link-static/threading-multi/visibility-hidden/zdll" -Wl,--start-group "bin.v2/standalone/ac/gcc-5/release/link-static/threading-multi/visibility-hidden/main-zdll.o"  -Wl,-Bstatic -lzdll -Wl,-Bdynamic -lrt -Wl,--end-group -pthread -fvisibility=hidden -fvisibility-inlines-hidden 

...failed gcc.link bin.v2/standalone/ac/gcc-5/release/link-static/threading-multi/visibility-hidden/zdll...
...failed updating 1 target...
...updated 1 target...
...found 4 targets...
...updating 2 targets...
gcc.compile.c++ bin.v2/standalone/ac/gcc-5/release/threading-multi/visibility-hidden/bzlib_h.o
bin.v2/standalone/ac/bzlib_h.cpp:1:19: fatal error: bzlib.h: No such file or directory
compilation terminated.

    "/usr/local/external-toolchain/gcc-linaro-5.3.1-arm/bin/arm-linux-gnueabi-gcc"   -fvisibility-inlines-hidden -fPIC -pthread -O3 -finline-functions -Wno-inline -Wall -fvisibility=hidden  -DNDEBUG    -c -o "bin.v2/standalone/ac/gcc-5/release/threading-multi/visibility-hidden/bzlib_h.o" "bin.v2/standalone/ac/bzlib_h.cpp"

...failed gcc.compile.c++ bin.v2/standalone/ac/gcc-5/release/threading-multi/visibility-hidden/bzlib_h.o...
...failed updating 1 target...
...updated 1 target...
...found 5 targets...
...updating 3 targets...
gcc.compile.c++ bin.v2/standalone/ac/gcc-5/release/threading-multi/visibility-hidden/main-bz2.o
gcc.link bin.v2/standalone/ac/gcc-5/release/threading-multi/visibility-hidden/bz2
/usr/local/external-toolchain/gcc-linaro-5.3.1-arm/bin/../lib/gcc/arm-linux-gnueabi/5.3.1/../../../../arm-linux-gnueabi/bin/ld: 找不到 -lbz2
collect2: error: ld returned 1 exit status

    "/usr/local/external-toolchain/gcc-linaro-5.3.1-arm/bin/arm-linux-gnueabi-gcc"    -o "bin.v2/standalone/ac/gcc-5/release/threading-multi/visibility-hidden/bz2" -Wl,--start-group "bin.v2/standalone/ac/gcc-5/release/threading-multi/visibility-hidden/main-bz2.o"  -Wl,-Bstatic  -Wl,-Bdynamic -lrt -lbz2 -Wl,--end-group -fPIC -pthread -fvisibility=hidden -fvisibility-inlines-hidden 

...failed gcc.link bin.v2/standalone/ac/gcc-5/release/threading-multi/visibility-hidden/bz2...
...failed updating 1 target...
...updated 2 targets...
...found 2 targets...
...updating 2 targets...
gcc.compile.c++ bin.v2/standalone/ac/gcc-5/release/link-static/threading-multi/visibility-hidden/main-bz2.o
gcc.link bin.v2/standalone/ac/gcc-5/release/link-static/threading-multi/visibility-hidden/bz2
/usr/local/external-toolchain/gcc-linaro-5.3.1-arm/bin/../lib/gcc/arm-linux-gnueabi/5.3.1/../../../../arm-linux-gnueabi/bin/ld: 找不到 -lbz2
collect2: error: ld returned 1 exit status

    "/usr/local/external-toolchain/gcc-linaro-5.3.1-arm/bin/arm-linux-gnueabi-gcc"    -o "bin.v2/standalone/ac/gcc-5/release/link-static/threading-multi/visibility-hidden/bz2" -Wl,--start-group "bin.v2/standalone/ac/gcc-5/release/link-static/threading-multi/visibility-hidden/main-bz2.o"  -Wl,-Bstatic -lbz2 -Wl,-Bdynamic -lrt -Wl,--end-group -pthread -fvisibility=hidden -fvisibility-inlines-hidden 

...failed gcc.link bin.v2/standalone/ac/gcc-5/release/link-static/threading-multi/visibility-hidden/bz2...
...failed updating 1 target...
...updated 1 target...
...found 4 targets...
...updating 2 targets...
gcc.compile.c++ bin.v2/standalone/ac/gcc-5/release/threading-multi/visibility-hidden/lzma_h.o
bin.v2/standalone/ac/lzma_h.cpp:1:18: fatal error: lzma.h: No such file or directory
compilation terminated.

    "/usr/local/external-toolchain/gcc-linaro-5.3.1-arm/bin/arm-linux-gnueabi-gcc"   -fvisibility-inlines-hidden -fPIC -pthread -O3 -finline-functions -Wno-inline -Wall -fvisibility=hidden  -DNDEBUG    -c -o "bin.v2/standalone/ac/gcc-5/release/threading-multi/visibility-hidden/lzma_h.o" "bin.v2/standalone/ac/lzma_h.cpp"

...failed gcc.compile.c++ bin.v2/standalone/ac/gcc-5/release/threading-multi/visibility-hidden/lzma_h.o...
...failed updating 1 target...
...updated 1 target...
...found 5 targets...
...updating 3 targets...
gcc.compile.c++ bin.v2/standalone/ac/gcc-5/release/threading-multi/visibility-hidden/main-lzma.o
gcc.link bin.v2/standalone/ac/gcc-5/release/threading-multi/visibility-hidden/lzma
/usr/local/external-toolchain/gcc-linaro-5.3.1-arm/bin/../lib/gcc/arm-linux-gnueabi/5.3.1/../../../../arm-linux-gnueabi/bin/ld: 找不到 -llzma
collect2: error: ld returned 1 exit status

    "/usr/local/external-toolchain/gcc-linaro-5.3.1-arm/bin/arm-linux-gnueabi-gcc"    -o "bin.v2/standalone/ac/gcc-5/release/threading-multi/visibility-hidden/lzma" -Wl,--start-group "bin.v2/standalone/ac/gcc-5/release/threading-multi/visibility-hidden/main-lzma.o"  -Wl,-Bstatic  -Wl,-Bdynamic -lrt -llzma -Wl,--end-group -fPIC -pthread -fvisibility=hidden -fvisibility-inlines-hidden 

...failed gcc.link bin.v2/standalone/ac/gcc-5/release/threading-multi/visibility-hidden/lzma...
...failed updating 1 target...
...updated 2 targets...
...found 5 targets...
...updating 3 targets...
gcc.compile.c++ bin.v2/standalone/ac/gcc-5/release/threading-multi/visibility-hidden/main-liblzma.o
gcc.link bin.v2/standalone/ac/gcc-5/release/threading-multi/visibility-hidden/liblzma
/usr/local/external-toolchain/gcc-linaro-5.3.1-arm/bin/../lib/gcc/arm-linux-gnueabi/5.3.1/../../../../arm-linux-gnueabi/bin/ld: 找不到 -lliblzma
collect2: error: ld returned 1 exit status

    "/usr/local/external-toolchain/gcc-linaro-5.3.1-arm/bin/arm-linux-gnueabi-gcc"    -o "bin.v2/standalone/ac/gcc-5/release/threading-multi/visibility-hidden/liblzma" -Wl,--start-group "bin.v2/standalone/ac/gcc-5/release/threading-multi/visibility-hidden/main-liblzma.o"  -Wl,-Bstatic  -Wl,-Bdynamic -lrt -lliblzma -Wl,--end-group -fPIC -pthread -fvisibility=hidden -fvisibility-inlines-hidden 

...failed gcc.link bin.v2/standalone/ac/gcc-5/release/threading-multi/visibility-hidden/liblzma...
...failed updating 1 target...
...updated 2 targets...
...found 2 targets...
...updating 2 targets...
gcc.compile.c++ bin.v2/standalone/ac/gcc-5/release/link-static/threading-multi/visibility-hidden/main-lzma.o
gcc.link bin.v2/standalone/ac/gcc-5/release/link-static/threading-multi/visibility-hidden/lzma
/usr/local/external-toolchain/gcc-linaro-5.3.1-arm/bin/../lib/gcc/arm-linux-gnueabi/5.3.1/../../../../arm-linux-gnueabi/bin/ld: 找不到 -llzma
collect2: error: ld returned 1 exit status

    "/usr/local/external-toolchain/gcc-linaro-5.3.1-arm/bin/arm-linux-gnueabi-gcc"    -o "bin.v2/standalone/ac/gcc-5/release/link-static/threading-multi/visibility-hidden/lzma" -Wl,--start-group "bin.v2/standalone/ac/gcc-5/release/link-static/threading-multi/visibility-hidden/main-lzma.o"  -Wl,-Bstatic -llzma -Wl,-Bdynamic -lrt -Wl,--end-group -pthread -fvisibility=hidden -fvisibility-inlines-hidden 

...failed gcc.link bin.v2/standalone/ac/gcc-5/release/link-static/threading-multi/visibility-hidden/lzma...
...failed updating 1 target...
...updated 1 target...
...found 2 targets...
...updating 2 targets...
gcc.compile.c++ bin.v2/standalone/ac/gcc-5/release/link-static/threading-multi/visibility-hidden/main-liblzma.o
gcc.link bin.v2/standalone/ac/gcc-5/release/link-static/threading-multi/visibility-hidden/liblzma
/usr/local/external-toolchain/gcc-linaro-5.3.1-arm/bin/../lib/gcc/arm-linux-gnueabi/5.3.1/../../../../arm-linux-gnueabi/bin/ld: 找不到 -lliblzma
collect2: error: ld returned 1 exit status

    "/usr/local/external-toolchain/gcc-linaro-5.3.1-arm/bin/arm-linux-gnueabi-gcc"    -o "bin.v2/standalone/ac/gcc-5/release/link-static/threading-multi/visibility-hidden/liblzma" -Wl,--start-group "bin.v2/standalone/ac/gcc-5/release/link-static/threading-multi/visibility-hidden/main-liblzma.o"  -Wl,-Bstatic -lliblzma -Wl,-Bdynamic -lrt -Wl,--end-group -pthread -fvisibility=hidden -fvisibility-inlines-hidden 

...failed gcc.link bin.v2/standalone/ac/gcc-5/release/link-static/threading-multi/visibility-hidden/liblzma...
...failed updating 1 target...
...updated 1 target...
...found 4 targets...
...updating 2 targets...
gcc.compile.c++ bin.v2/standalone/ac/gcc-5/release/threading-multi/visibility-hidden/zstd_h.o
bin.v2/standalone/ac/zstd_h.cpp:1:18: fatal error: zstd.h: No such file or directory
compilation terminated.

    "/usr/local/external-toolchain/gcc-linaro-5.3.1-arm/bin/arm-linux-gnueabi-gcc"   -fvisibility-inlines-hidden -fPIC -pthread -O3 -finline-functions -Wno-inline -Wall -fvisibility=hidden  -DNDEBUG    -c -o "bin.v2/standalone/ac/gcc-5/release/threading-multi/visibility-hidden/zstd_h.o" "bin.v2/standalone/ac/zstd_h.cpp"

...failed gcc.compile.c++ bin.v2/standalone/ac/gcc-5/release/threading-multi/visibility-hidden/zstd_h.o...
...failed updating 1 target...
...updated 1 target...
...found 5 targets...
...updating 3 targets...
gcc.compile.c++ bin.v2/standalone/ac/gcc-5/release/threading-multi/visibility-hidden/main-zstd.o
gcc.link bin.v2/standalone/ac/gcc-5/release/threading-multi/visibility-hidden/zstd
/usr/local/external-toolchain/gcc-linaro-5.3.1-arm/bin/../lib/gcc/arm-linux-gnueabi/5.3.1/../../../../arm-linux-gnueabi/bin/ld: 找不到 -lzstd
collect2: error: ld returned 1 exit status

    "/usr/local/external-toolchain/gcc-linaro-5.3.1-arm/bin/arm-linux-gnueabi-gcc"    -o "bin.v2/standalone/ac/gcc-5/release/threading-multi/visibility-hidden/zstd" -Wl,--start-group "bin.v2/standalone/ac/gcc-5/release/threading-multi/visibility-hidden/main-zstd.o"  -Wl,-Bstatic  -Wl,-Bdynamic -lrt -lzstd -Wl,--end-group -fPIC -pthread -fvisibility=hidden -fvisibility-inlines-hidden 

...failed gcc.link bin.v2/standalone/ac/gcc-5/release/threading-multi/visibility-hidden/zstd...
...failed updating 1 target...
...updated 2 targets...
...found 5 targets...
...updating 3 targets...
gcc.compile.c++ bin.v2/standalone/ac/gcc-5/release/threading-multi/visibility-hidden/main-zstd_static.o
gcc.link bin.v2/standalone/ac/gcc-5/release/threading-multi/visibility-hidden/zstd_static
/usr/local/external-toolchain/gcc-linaro-5.3.1-arm/bin/../lib/gcc/arm-linux-gnueabi/5.3.1/../../../../arm-linux-gnueabi/bin/ld: 找不到 -lzstd_static
collect2: error: ld returned 1 exit status

    "/usr/local/external-toolchain/gcc-linaro-5.3.1-arm/bin/arm-linux-gnueabi-gcc"    -o "bin.v2/standalone/ac/gcc-5/release/threading-multi/visibility-hidden/zstd_static" -Wl,--start-group "bin.v2/standalone/ac/gcc-5/release/threading-multi/visibility-hidden/main-zstd_static.o"  -Wl,-Bstatic  -Wl,-Bdynamic -lrt -lzstd_static -Wl,--end-group -fPIC -pthread -fvisibility=hidden -fvisibility-inlines-hidden 

...failed gcc.link bin.v2/standalone/ac/gcc-5/release/threading-multi/visibility-hidden/zstd_static...
...failed updating 1 target...
...updated 2 targets...
...found 5 targets...
...updating 3 targets...
gcc.compile.c++ bin.v2/standalone/ac/gcc-5/release/threading-multi/visibility-hidden/main-libzstd.o
gcc.link bin.v2/standalone/ac/gcc-5/release/threading-multi/visibility-hidden/libzstd
/usr/local/external-toolchain/gcc-linaro-5.3.1-arm/bin/../lib/gcc/arm-linux-gnueabi/5.3.1/../../../../arm-linux-gnueabi/bin/ld: 找不到 -llibzstd
collect2: error: ld returned 1 exit status

    "/usr/local/external-toolchain/gcc-linaro-5.3.1-arm/bin/arm-linux-gnueabi-gcc"    -o "bin.v2/standalone/ac/gcc-5/release/threading-multi/visibility-hidden/libzstd" -Wl,--start-group "bin.v2/standalone/ac/gcc-5/release/threading-multi/visibility-hidden/main-libzstd.o"  -Wl,-Bstatic  -Wl,-Bdynamic -lrt -llibzstd -Wl,--end-group -fPIC -pthread -fvisibility=hidden -fvisibility-inlines-hidden 

...failed gcc.link bin.v2/standalone/ac/gcc-5/release/threading-multi/visibility-hidden/libzstd...
...failed updating 1 target...
...updated 2 targets...
...found 5 targets...
...updating 3 targets...
gcc.compile.c++ bin.v2/standalone/ac/gcc-5/release/threading-multi/visibility-hidden/main-libzstd_static.o
gcc.link bin.v2/standalone/ac/gcc-5/release/threading-multi/visibility-hidden/libzstd_static
/usr/local/external-toolchain/gcc-linaro-5.3.1-arm/bin/../lib/gcc/arm-linux-gnueabi/5.3.1/../../../../arm-linux-gnueabi/bin/ld: 找不到 -llibzstd_static
collect2: error: ld returned 1 exit status

    "/usr/local/external-toolchain/gcc-linaro-5.3.1-arm/bin/arm-linux-gnueabi-gcc"    -o "bin.v2/standalone/ac/gcc-5/release/threading-multi/visibility-hidden/libzstd_static" -Wl,--start-group "bin.v2/standalone/ac/gcc-5/release/threading-multi/visibility-hidden/main-libzstd_static.o"  -Wl,-Bstatic  -Wl,-Bdynamic -lrt -llibzstd_static -Wl,--end-group -fPIC -pthread -fvisibility=hidden -fvisibility-inlines-hidden 

...failed gcc.link bin.v2/standalone/ac/gcc-5/release/threading-multi/visibility-hidden/libzstd_static...
...failed updating 1 target...
...updated 2 targets...
...found 2 targets...
...updating 2 targets...
gcc.compile.c++ bin.v2/standalone/ac/gcc-5/release/link-static/threading-multi/visibility-hidden/main-zstd.o
gcc.link bin.v2/standalone/ac/gcc-5/release/link-static/threading-multi/visibility-hidden/zstd
/usr/local/external-toolchain/gcc-linaro-5.3.1-arm/bin/../lib/gcc/arm-linux-gnueabi/5.3.1/../../../../arm-linux-gnueabi/bin/ld: 找不到 -lzstd
collect2: error: ld returned 1 exit status

    "/usr/local/external-toolchain/gcc-linaro-5.3.1-arm/bin/arm-linux-gnueabi-gcc"    -o "bin.v2/standalone/ac/gcc-5/release/link-static/threading-multi/visibility-hidden/zstd" -Wl,--start-group "bin.v2/standalone/ac/gcc-5/release/link-static/threading-multi/visibility-hidden/main-zstd.o"  -Wl,-Bstatic -lzstd -Wl,-Bdynamic -lrt -Wl,--end-group -pthread -fvisibility=hidden -fvisibility-inlines-hidden 

...failed gcc.link bin.v2/standalone/ac/gcc-5/release/link-static/threading-multi/visibility-hidden/zstd...
...failed updating 1 target...
...updated 1 target...
...found 2 targets...
...updating 2 targets...
gcc.compile.c++ bin.v2/standalone/ac/gcc-5/release/link-static/threading-multi/visibility-hidden/main-zstd_static.o
gcc.link bin.v2/standalone/ac/gcc-5/release/link-static/threading-multi/visibility-hidden/zstd_static
/usr/local/external-toolchain/gcc-linaro-5.3.1-arm/bin/../lib/gcc/arm-linux-gnueabi/5.3.1/../../../../arm-linux-gnueabi/bin/ld: 找不到 -lzstd_static
collect2: error: ld returned 1 exit status

    "/usr/local/external-toolchain/gcc-linaro-5.3.1-arm/bin/arm-linux-gnueabi-gcc"    -o "bin.v2/standalone/ac/gcc-5/release/link-static/threading-multi/visibility-hidden/zstd_static" -Wl,--start-group "bin.v2/standalone/ac/gcc-5/release/link-static/threading-multi/visibility-hidden/main-zstd_static.o"  -Wl,-Bstatic -lzstd_static -Wl,-Bdynamic -lrt -Wl,--end-group -pthread -fvisibility=hidden -fvisibility-inlines-hidden 

...failed gcc.link bin.v2/standalone/ac/gcc-5/release/link-static/threading-multi/visibility-hidden/zstd_static...
...failed updating 1 target...
...updated 1 target...
...found 2 targets...
...updating 2 targets...
gcc.compile.c++ bin.v2/standalone/ac/gcc-5/release/link-static/threading-multi/visibility-hidden/main-libzstd.o
gcc.link bin.v2/standalone/ac/gcc-5/release/link-static/threading-multi/visibility-hidden/libzstd
/usr/local/external-toolchain/gcc-linaro-5.3.1-arm/bin/../lib/gcc/arm-linux-gnueabi/5.3.1/../../../../arm-linux-gnueabi/bin/ld: 找不到 -llibzstd
collect2: error: ld returned 1 exit status

    "/usr/local/external-toolchain/gcc-linaro-5.3.1-arm/bin/arm-linux-gnueabi-gcc"    -o "bin.v2/standalone/ac/gcc-5/release/link-static/threading-multi/visibility-hidden/libzstd" -Wl,--start-group "bin.v2/standalone/ac/gcc-5/release/link-static/threading-multi/visibility-hidden/main-libzstd.o"  -Wl,-Bstatic -llibzstd -Wl,-Bdynamic -lrt -Wl,--end-group -pthread -fvisibility=hidden -fvisibility-inlines-hidden 

...failed gcc.link bin.v2/standalone/ac/gcc-5/release/link-static/threading-multi/visibility-hidden/libzstd...
...failed updating 1 target...
...updated 1 target...
...found 2 targets...
...updating 2 targets...
gcc.compile.c++ bin.v2/standalone/ac/gcc-5/release/link-static/threading-multi/visibility-hidden/main-libzstd_static.o
gcc.link bin.v2/standalone/ac/gcc-5/release/link-static/threading-multi/visibility-hidden/libzstd_static
/usr/local/external-toolchain/gcc-linaro-5.3.1-arm/bin/../lib/gcc/arm-linux-gnueabi/5.3.1/../../../../arm-linux-gnueabi/bin/ld: 找不到 -llibzstd_static
collect2: error: ld returned 1 exit status

    "/usr/local/external-toolchain/gcc-linaro-5.3.1-arm/bin/arm-linux-gnueabi-gcc"    -o "bin.v2/standalone/ac/gcc-5/release/link-static/threading-multi/visibility-hidden/libzstd_static" -Wl,--start-group "bin.v2/standalone/ac/gcc-5/release/link-static/threading-multi/visibility-hidden/main-libzstd_static.o"  -Wl,-Bstatic -llibzstd_static -Wl,-Bdynamic -lrt -Wl,--end-group -pthread -fvisibility=hidden -fvisibility-inlines-hidden 

...failed gcc.link bin.v2/standalone/ac/gcc-5/release/link-static/threading-multi/visibility-hidden/libzstd_static...
...failed updating 1 target...
...updated 1 target...
...found 10 targets...
...updating 8 targets...
gcc.compile.c++ bin.v2/libs/iostreams/build/gcc-5/release/threading-multi/visibility-hidden/has_lzma_cputhreads.o
libs/iostreams/src/../build/has_lzma_cputhreads.cpp:5:18: fatal error: lzma.h: No such file or directory
compilation terminated.

    "/usr/local/external-toolchain/gcc-linaro-5.3.1-arm/bin/arm-linux-gnueabi-gcc"   -fvisibility-inlines-hidden -fPIC -pthread -O3 -finline-functions -Wno-inline -Wall -fvisibility=hidden  -DBOOST_ALL_NO_LIB=1 -DNDEBUG  -I"."  -c -o "bin.v2/libs/iostreams/build/gcc-5/release/threading-multi/visibility-hidden/has_lzma_cputhreads.o" "libs/iostreams/src/../build/has_lzma_cputhreads.cpp"

...failed gcc.compile.c++ bin.v2/libs/iostreams/build/gcc-5/release/threading-multi/visibility-hidden/has_lzma_cputhreads.o...
...skipped <pbin.v2/libs/iostreams/build/gcc-5/release/threading-multi/visibility-hidden>has_lzma_cputhreads for lack of <pbin.v2/libs/iostreams/build/gcc-5/release/threading-multi/visibility-hidden>has_lzma_cputhreads.o...
...failed updating 1 target...
...skipped 1 target...
...updated 6 targets...
...found 1 target...
...updating 1 target...
gcc.compile.c++ bin.v2/libs/config/checks/gcc-5/release/threading-multi/visibility-hidden/cxx11_decltype.o
libs/config/checks/test_case.cpp:716:7: error: #error "Defect macro BOOST_NO_CXX11_DECLTYPE is defined."
 #     error "Defect macro BOOST_NO_CXX11_DECLTYPE is defined."
       ^

    "/usr/local/external-toolchain/gcc-linaro-5.3.1-arm/bin/arm-linux-gnueabi-gcc"   -fvisibility-inlines-hidden -fPIC -pthread -O3 -finline-functions -Wno-inline -Wall -fvisibility=hidden  -DBOOST_ALL_NO_LIB=1 -DNDEBUG -DTEST_BOOST_NO_CXX11_DECLTYPE  -I"."  -c -o "bin.v2/libs/config/checks/gcc-5/release/threading-multi/visibility-hidden/cxx11_decltype.o" "libs/config/checks/test_case.cpp"

...failed gcc.compile.c++ bin.v2/libs/config/checks/gcc-5/release/threading-multi/visibility-hidden/cxx11_decltype.o...
...failed updating 1 target...
...found 8 targets...
...updating 7 targets...
gcc.compile.c++ bin.v2/libs/json/build/gcc-5/release/threading-multi/visibility-hidden/cxx11_basic_alignas.o
libs/json/src/../check/basic_alignas.cpp:7:8: error: expected constructor, destructor, or type conversion before '(' token
 alignas(16) char test1[10];
        ^
libs/json/src/../check/basic_alignas.cpp:8:17: error: expected constructor, destructor, or type conversion before 'char'
 alignas(double) char test2[10];
                 ^
libs/json/src/../check/basic_alignas.cpp:9:22: error: expected constructor, destructor, or type conversion before 'char'
 alignas(some_struct) char test3[10];
                      ^

    "/usr/local/external-toolchain/gcc-linaro-5.3.1-arm/bin/arm-linux-gnueabi-gcc"   -fvisibility-inlines-hidden -fPIC -pthread -O3 -finline-functions -Wno-inline -Wall -fvisibility=hidden  -DBOOST_ALL_NO_LIB=1 -DNDEBUG  -I"."  -c -o "bin.v2/libs/json/build/gcc-5/release/threading-multi/visibility-hidden/cxx11_basic_alignas.o" "libs/json/src/../check/basic_alignas.cpp"

...failed gcc.compile.c++ bin.v2/libs/json/build/gcc-5/release/threading-multi/visibility-hidden/cxx11_basic_alignas.o...
...failed updating 1 target...
...updated 6 targets...
...found 10 targets...
...updating 8 targets...
gcc.compile.c++ bin.v2/libs/locale/build/gcc-5/release/threading-multi/visibility-hidden/has_iconv_libc_obj.o
gcc.link bin.v2/libs/locale/build/gcc-5/release/threading-multi/visibility-hidden/has_iconv
...updated 8 targets...
...found 4 targets...
...updating 2 targets...
gcc.compile.c++ bin.v2/libs/locale/build/gcc-5/release/threading-multi/visibility-hidden/has_icu_obj.o
libs/locale/src/../build/has_icu_test.cpp:12:30: fatal error: unicode/uversion.h: No such file or directory
compilation terminated.

    "/usr/local/external-toolchain/gcc-linaro-5.3.1-arm/bin/arm-linux-gnueabi-gcc"   -fvisibility-inlines-hidden -fPIC -pthread -O3 -finline-functions -Wno-inline -Wall -fvisibility=hidden  -DBOOST_ALL_NO_LIB=1 -DNDEBUG  -I"."  -c -o "bin.v2/libs/locale/build/gcc-5/release/threading-multi/visibility-hidden/has_icu_obj.o" "libs/locale/src/../build/has_icu_test.cpp"

...failed gcc.compile.c++ bin.v2/libs/locale/build/gcc-5/release/threading-multi/visibility-hidden/has_icu_obj.o...
...skipped <pbin.v2/libs/locale/build/gcc-5/release/threading-multi/visibility-hidden>has_icu for lack of <pbin.v2/libs/locale/build/gcc-5/release/threading-multi/visibility-hidden>has_icu_obj.o...
...failed updating 1 target...
...skipped 1 target...
...found 2 targets...
...updating 2 targets...
gcc.compile.c++ bin.v2/libs/locale/build/gcc-5/release/threading-multi/visibility-hidden/has_icu64_obj.o
libs/locale/src/../build/has_icu_test.cpp:12:30: fatal error: unicode/uversion.h: No such file or directory
compilation terminated.

    "/usr/local/external-toolchain/gcc-linaro-5.3.1-arm/bin/arm-linux-gnueabi-gcc"   -fvisibility-inlines-hidden -fPIC -pthread -O3 -finline-functions -Wno-inline -Wall -fvisibility=hidden  -DBOOST_ALL_NO_LIB=1 -DNDEBUG  -I"."  -c -o "bin.v2/libs/locale/build/gcc-5/release/threading-multi/visibility-hidden/has_icu64_obj.o" "libs/locale/src/../build/has_icu_test.cpp"

...failed gcc.compile.c++ bin.v2/libs/locale/build/gcc-5/release/threading-multi/visibility-hidden/has_icu64_obj.o...
...skipped <pbin.v2/libs/locale/build/gcc-5/release/threading-multi/visibility-hidden>has_icu64 for lack of <pbin.v2/libs/locale/build/gcc-5/release/threading-multi/visibility-hidden>has_icu64_obj.o...
...failed updating 1 target...
...skipped 1 target...
...found 192 targets...
...updating 9 targets...
gcc.compile.c++ bin.v2/libs/log/config/atomic-int32/gcc-5/release/pch-off/threading-multi/visibility-hidden/atomic_int32.o
...updated 9 targets...
...found 9 targets...
...updating 7 targets...
gcc.compile.c++ bin.v2/libs/log/config/native-syslog/gcc-5/release/pch-off/threading-multi/visibility-hidden/native_syslog.o
...updated 7 targets...
...found 8 targets...
...updating 7 targets...
gcc.compile.c++ bin.v2/libs/log/config/pthread-mutex-robust/gcc-5/release/pch-off/threading-multi/visibility-hidden/pthread_mutex_robust.o
...updated 7 targets...
...found 11 targets...
...updating 8 targets...
gcc.compile.c++ bin.v2/libs/thread/build/gcc-5/release/threading-multi/visibility-hidden/has_atomic_flag_lockfree_test.o
gcc.link bin.v2/libs/thread/build/gcc-5/release/threading-multi/visibility-hidden/has_atomic_flag_lockfree
...updated 8 targets...
...found 8 targets...
...updating 7 targets...
gcc.compile.c++ bin.v2/libs/math/config/gcc-5/release/threading-multi/visibility-hidden/has_gcc_visibility.o
...updated 7 targets...
...found 1 target...
...updating 1 target...
gcc.compile.c++ bin.v2/libs/config/checks/gcc-5/release/threading-multi/visibility-hidden/sfinae_expr.o
...updated 1 target...
...found 1 target...
...updating 1 target...
gcc.compile.c++ bin.v2/libs/config/checks/gcc-5/release/threading-multi/visibility-hidden/cxx11_unified_initialization_syntax.o
libs/config/checks/test_case.cpp:1091:7: error: #error "Defect macro BOOST_NO_CXX11_UNIFIED_INITIALIZATION_SYNTAX is defined."
 #     error "Defect macro BOOST_NO_CXX11_UNIFIED_INITIALIZATION_SYNTAX is defined."
       ^

    "/usr/local/external-toolchain/gcc-linaro-5.3.1-arm/bin/arm-linux-gnueabi-gcc"   -fvisibility-inlines-hidden -fPIC -pthread -O3 -finline-functions -Wno-inline -Wall -fvisibility=hidden  -DBOOST_ALL_NO_LIB=1 -DNDEBUG -DTEST_BOOST_NO_CXX11_UNIFIED_INITIALIZATION_SYNTAX  -I"."  -c -o "bin.v2/libs/config/checks/gcc-5/release/threading-multi/visibility-hidden/cxx11_unified_initialization_syntax.o" "libs/config/checks/test_case.cpp"

...failed gcc.compile.c++ bin.v2/libs/config/checks/gcc-5/release/threading-multi/visibility-hidden/cxx11_unified_initialization_syntax.o...
...failed updating 1 target...
...found 1 target...
...updating 1 target...
gcc.compile.c++ bin.v2/libs/config/checks/gcc-5/release/threading-multi/visibility-hidden/cxx11_hdr_initializer_list.o
libs/config/checks/test_case.cpp:361:7: error: #error "Defect macro BOOST_NO_CXX11_HDR_INITIALIZER_LIST is defined."
 #     error "Defect macro BOOST_NO_CXX11_HDR_INITIALIZER_LIST is defined."
       ^

    "/usr/local/external-toolchain/gcc-linaro-5.3.1-arm/bin/arm-linux-gnueabi-gcc"   -fvisibility-inlines-hidden -fPIC -pthread -O3 -finline-functions -Wno-inline -Wall -fvisibility=hidden  -DBOOST_ALL_NO_LIB=1 -DNDEBUG -DTEST_BOOST_NO_CXX11_HDR_INITIALIZER_LIST  -I"."  -c -o "bin.v2/libs/config/checks/gcc-5/release/threading-multi/visibility-hidden/cxx11_hdr_initializer_list.o" "libs/config/checks/test_case.cpp"

...failed gcc.compile.c++ bin.v2/libs/config/checks/gcc-5/release/threading-multi/visibility-hidden/cxx11_hdr_initializer_list.o...
...failed updating 1 target...
...found 1 target...
...updating 1 target...
gcc.compile.c++ bin.v2/libs/config/checks/gcc-5/release/threading-multi/visibility-hidden/cxx11_hdr_chrono.o
libs/config/checks/test_case.cpp:336:7: error: #error "Defect macro BOOST_NO_CXX11_HDR_CHRONO is defined."
 #     error "Defect macro BOOST_NO_CXX11_HDR_CHRONO is defined."
       ^

    "/usr/local/external-toolchain/gcc-linaro-5.3.1-arm/bin/arm-linux-gnueabi-gcc"   -fvisibility-inlines-hidden -fPIC -pthread -O3 -finline-functions -Wno-inline -Wall -fvisibility=hidden  -DBOOST_ALL_NO_LIB=1 -DNDEBUG -DTEST_BOOST_NO_CXX11_HDR_CHRONO  -I"."  -c -o "bin.v2/libs/config/checks/gcc-5/release/threading-multi/visibility-hidden/cxx11_hdr_chrono.o" "libs/config/checks/test_case.cpp"

...failed gcc.compile.c++ bin.v2/libs/config/checks/gcc-5/release/threading-multi/visibility-hidden/cxx11_hdr_chrono.o...
...failed updating 1 target...
...found 1 target...
...updating 1 target...
gcc.compile.c++ bin.v2/libs/config/checks/gcc-5/release/threading-multi/visibility-hidden/cxx11_numeric_limits.o
libs/config/checks/test_case.cpp:431:7: error: #error "Defect macro BOOST_NO_CXX11_NUMERIC_LIMITS is defined."
 #     error "Defect macro BOOST_NO_CXX11_NUMERIC_LIMITS is defined."
       ^

    "/usr/local/external-toolchain/gcc-linaro-5.3.1-arm/bin/arm-linux-gnueabi-gcc"   -fvisibility-inlines-hidden -fPIC -pthread -O3 -finline-functions -Wno-inline -Wall -fvisibility=hidden  -DBOOST_ALL_NO_LIB=1 -DNDEBUG -DTEST_BOOST_NO_CXX11_NUMERIC_LIMITS  -I"."  -c -o "bin.v2/libs/config/checks/gcc-5/release/threading-multi/visibility-hidden/cxx11_numeric_limits.o" "libs/config/checks/test_case.cpp"

...failed gcc.compile.c++ bin.v2/libs/config/checks/gcc-5/release/threading-multi/visibility-hidden/cxx11_numeric_limits.o...
...failed updating 1 target...
...found 1 target...
...updating 1 target...
gcc.compile.c++ bin.v2/libs/config/checks/gcc-5/release/threading-multi/visibility-hidden/cxx11_hdr_array.o
libs/config/checks/test_case.cpp:326:7: error: #error "Defect macro BOOST_NO_CXX11_HDR_ARRAY is defined."
 #     error "Defect macro BOOST_NO_CXX11_HDR_ARRAY is defined."
       ^

    "/usr/local/external-toolchain/gcc-linaro-5.3.1-arm/bin/arm-linux-gnueabi-gcc"   -fvisibility-inlines-hidden -fPIC -pthread -O3 -finline-functions -Wno-inline -Wall -fvisibility=hidden  -DBOOST_ALL_NO_LIB=1 -DNDEBUG -DTEST_BOOST_NO_CXX11_HDR_ARRAY  -I"."  -c -o "bin.v2/libs/config/checks/gcc-5/release/threading-multi/visibility-hidden/cxx11_hdr_array.o" "libs/config/checks/test_case.cpp"

...failed gcc.compile.c++ bin.v2/libs/config/checks/gcc-5/release/threading-multi/visibility-hidden/cxx11_hdr_array.o...
...failed updating 1 target...
...found 1 target...
...updating 1 target...
gcc.compile.c++ bin.v2/libs/config/checks/gcc-5/release/threading-multi/visibility-hidden/cxx11_hdr_atomic.o
libs/config/checks/test_case.cpp:331:7: error: #error "Defect macro BOOST_NO_CXX11_HDR_ATOMIC is defined."
 #     error "Defect macro BOOST_NO_CXX11_HDR_ATOMIC is defined."
       ^

    "/usr/local/external-toolchain/gcc-linaro-5.3.1-arm/bin/arm-linux-gnueabi-gcc"   -fvisibility-inlines-hidden -fPIC -pthread -O3 -finline-functions -Wno-inline -Wall -fvisibility=hidden  -DBOOST_ALL_NO_LIB=1 -DNDEBUG -DTEST_BOOST_NO_CXX11_HDR_ATOMIC  -I"."  -c -o "bin.v2/libs/config/checks/gcc-5/release/threading-multi/visibility-hidden/cxx11_hdr_atomic.o" "libs/config/checks/test_case.cpp"

...failed gcc.compile.c++ bin.v2/libs/config/checks/gcc-5/release/threading-multi/visibility-hidden/cxx11_hdr_atomic.o...
...failed updating 1 target...
...found 1 target...
...updating 1 target...
gcc.compile.c++ bin.v2/libs/config/checks/gcc-5/release/threading-multi/visibility-hidden/cxx11_hdr_type_traits.o
libs/config/checks/test_case.cpp:401:7: error: #error "Defect macro BOOST_NO_CXX11_HDR_TYPE_TRAITS is defined."
 #     error "Defect macro BOOST_NO_CXX11_HDR_TYPE_TRAITS is defined."
       ^

    "/usr/local/external-toolchain/gcc-linaro-5.3.1-arm/bin/arm-linux-gnueabi-gcc"   -fvisibility-inlines-hidden -fPIC -pthread -O3 -finline-functions -Wno-inline -Wall -fvisibility=hidden  -DBOOST_ALL_NO_LIB=1 -DNDEBUG -DTEST_BOOST_NO_CXX11_HDR_TYPE_TRAITS  -I"."  -c -o "bin.v2/libs/config/checks/gcc-5/release/threading-multi/visibility-hidden/cxx11_hdr_type_traits.o" "libs/config/checks/test_case.cpp"

...failed gcc.compile.c++ bin.v2/libs/config/checks/gcc-5/release/threading-multi/visibility-hidden/cxx11_hdr_type_traits.o...
...failed updating 1 target...
...found 1 target...
...updating 1 target...
gcc.compile.c++ bin.v2/libs/config/checks/gcc-5/release/threading-multi/visibility-hidden/cxx11_allocator.o
libs/config/checks/test_case.cpp:301:7: error: #error "Defect macro BOOST_NO_CXX11_ALLOCATOR is defined."
 #     error "Defect macro BOOST_NO_CXX11_ALLOCATOR is defined."
       ^

    "/usr/local/external-toolchain/gcc-linaro-5.3.1-arm/bin/arm-linux-gnueabi-gcc"   -fvisibility-inlines-hidden -fPIC -pthread -O3 -finline-functions -Wno-inline -Wall -fvisibility=hidden  -DBOOST_ALL_NO_LIB=1 -DNDEBUG -DTEST_BOOST_NO_CXX11_ALLOCATOR  -I"."  -c -o "bin.v2/libs/config/checks/gcc-5/release/threading-multi/visibility-hidden/cxx11_allocator.o" "libs/config/checks/test_case.cpp"

...failed gcc.compile.c++ bin.v2/libs/config/checks/gcc-5/release/threading-multi/visibility-hidden/cxx11_allocator.o...
...failed updating 1 target...
...found 1 target...
...updating 1 target...
gcc.compile.c++ bin.v2/libs/config/checks/gcc-5/release/threading-multi/visibility-hidden/cxx11_explicit_conversion_operators.o
libs/config/checks/test_case.cpp:766:7: error: #error "Defect macro BOOST_NO_CXX11_EXPLICIT_CONVERSION_OPERATORS is defined."
 #     error "Defect macro BOOST_NO_CXX11_EXPLICIT_CONVERSION_OPERATORS is defined."
       ^

    "/usr/local/external-toolchain/gcc-linaro-5.3.1-arm/bin/arm-linux-gnueabi-gcc"   -fvisibility-inlines-hidden -fPIC -pthread -O3 -finline-functions -Wno-inline -Wall -fvisibility=hidden  -DBOOST_ALL_NO_LIB=1 -DNDEBUG -DTEST_BOOST_NO_CXX11_EXPLICIT_CONVERSION_OPERATORS  -I"."  -c -o "bin.v2/libs/config/checks/gcc-5/release/threading-multi/visibility-hidden/cxx11_explicit_conversion_operators.o" "libs/config/checks/test_case.cpp"

...failed gcc.compile.c++ bin.v2/libs/config/checks/gcc-5/release/threading-multi/visibility-hidden/cxx11_explicit_conversion_operators.o...
...failed updating 1 target...
...found 1 target...
...updating 1 target...
gcc.compile.c++ bin.v2/libs/config/checks/gcc-5/release/threading-multi/visibility-hidden/cxx11_static_assert.o
libs/config/checks/test_case.cpp:976:7: error: #error "Defect macro BOOST_NO_CXX11_STATIC_ASSERT is defined."
 #     error "Defect macro BOOST_NO_CXX11_STATIC_ASSERT is defined."
       ^

    "/usr/local/external-toolchain/gcc-linaro-5.3.1-arm/bin/arm-linux-gnueabi-gcc"   -fvisibility-inlines-hidden -fPIC -pthread -O3 -finline-functions -Wno-inline -Wall -fvisibility=hidden  -DBOOST_ALL_NO_LIB=1 -DNDEBUG -DTEST_BOOST_NO_CXX11_STATIC_ASSERT  -I"."  -c -o "bin.v2/libs/config/checks/gcc-5/release/threading-multi/visibility-hidden/cxx11_static_assert.o" "libs/config/checks/test_case.cpp"

...failed gcc.compile.c++ bin.v2/libs/config/checks/gcc-5/release/threading-multi/visibility-hidden/cxx11_static_assert.o...
...failed updating 1 target...
...found 9 targets...
...updating 7 targets...
gcc.compile.c++ bin.v2/libs/nowide/config/gcc-5/release/threading-multi/visibility-hidden/cxx11_moveable_fstreams.o
libs/nowide/config/check_movable_fstreams.cpp: In function 'void check()':
libs/nowide/config/check_movable_fstreams.cpp:16:8: error: 'std::fstream {aka class std::basic_fstream<char>}' has no member named 'swap'
     s1.swap(s2);
        ^
libs/nowide/config/check_movable_fstreams.cpp:17:10: error: 'move' is not a member of 'std'
     s2 = std::move(s1);
          ^

    "/usr/local/external-toolchain/gcc-linaro-5.3.1-arm/bin/arm-linux-gnueabi-gcc"   -fvisibility-inlines-hidden -fPIC -pthread -O3 -finline-functions -Wno-inline -Wall -fvisibility=hidden  -DBOOST_ALL_NO_LIB=1 -DNDEBUG  -I"."  -c -o "bin.v2/libs/nowide/config/gcc-5/release/threading-multi/visibility-hidden/cxx11_moveable_fstreams.o" "libs/nowide/config/check_movable_fstreams.cpp"

...failed gcc.compile.c++ bin.v2/libs/nowide/config/gcc-5/release/threading-multi/visibility-hidden/cxx11_moveable_fstreams.o...
...failed updating 1 target...
...updated 6 targets...
...found 4 targets...
...updating 2 targets...
gcc.compile.c++ bin.v2/libs/nowide/config/gcc-5/release/threading-multi/visibility-hidden/check_lfs_support.o
libs/nowide/config/check_lfs_support.cpp:29:5: warning: identifier 'nullptr' is a keyword in C++11 [-Wc++0x-compat]
     check(nullptr);
     ^
libs/nowide/config/check_lfs_support.cpp: In function 'int main()':
libs/nowide/config/check_lfs_support.cpp:29:11: error: 'nullptr' was not declared in this scope
     check(nullptr);
           ^

    "/usr/local/external-toolchain/gcc-linaro-5.3.1-arm/bin/arm-linux-gnueabi-gcc"   -fvisibility-inlines-hidden -fPIC -pthread -O3 -finline-functions -Wno-inline -Wall -fvisibility=hidden  -DBOOST_ALL_NO_LIB=1 -DNDEBUG  -I"."  -c -o "bin.v2/libs/nowide/config/gcc-5/release/threading-multi/visibility-hidden/check_lfs_support.o" "libs/nowide/config/check_lfs_support.cpp"

...failed gcc.compile.c++ bin.v2/libs/nowide/config/gcc-5/release/threading-multi/visibility-hidden/check_lfs_support.o...
...skipped <pbin.v2/libs/nowide/config/gcc-5/release/threading-multi/visibility-hidden>lfs_support for lack of <pbin.v2/libs/nowide/config/gcc-5/release/threading-multi/visibility-hidden>check_lfs_support.o...
...failed updating 1 target...
...skipped 1 target...
...found 2 targets...
...updating 1 target...
gcc.compile.c++ bin.v2/libs/nowide/config/gcc-5/release/threading-multi/visibility-hidden/attribute_init_priority.o
...updated 1 target...
...found 12 targets...
...updating 9 targets...
gcc.compile.c++ bin.v2/libs/stacktrace/build/gcc-5/release/threading-multi/visibility-hidden/has_backtrace.o
libs/stacktrace/build/has_backtrace.cpp:7:23: fatal error: backtrace.h: No such file or directory
compilation terminated.

    "/usr/local/external-toolchain/gcc-linaro-5.3.1-arm/bin/arm-linux-gnueabi-gcc"   -fvisibility-inlines-hidden -fPIC -pthread -O3 -finline-functions -Wno-inline -Wall -fvisibility=hidden  -DBOOST_ALL_NO_LIB=1 -DNDEBUG  -I"."  -c -o "bin.v2/libs/stacktrace/build/gcc-5/release/threading-multi/visibility-hidden/has_backtrace.o" "libs/stacktrace/build/has_backtrace.cpp"

...failed gcc.compile.c++ bin.v2/libs/stacktrace/build/gcc-5/release/threading-multi/visibility-hidden/has_backtrace.o...
...skipped <pbin.v2/libs/stacktrace/build/gcc-5/release/threading-multi/visibility-hidden>libbacktrace_exe for lack of <pbin.v2/libs/stacktrace/build/gcc-5/release/threading-multi/visibility-hidden>has_backtrace.o...
...skipped <pbin.v2/libs/stacktrace/build/gcc-5/release/threading-multi/visibility-hidden>libbacktrace.output for lack of <pbin.v2/libs/stacktrace/build/gcc-5/release/threading-multi/visibility-hidden>libbacktrace_exe...
...failed updating 1 target...
...skipped 2 targets...
...updated 6 targets...
...found 5 targets...
...updating 3 targets...
gcc.compile.c++ bin.v2/libs/stacktrace/build/gcc-5/release/threading-multi/visibility-hidden/has_addr2line.o
gcc.link bin.v2/libs/stacktrace/build/gcc-5/release/threading-multi/visibility-hidden/addr2line_exe
bin.v2/libs/stacktrace/build/gcc-5/release/threading-multi/visibility-hidden/has_addr2line.o：在函数‘main’中：
has_addr2line.cpp:(.text.startup+0x18)：对‘std::__cxx11::basic_string<char, std::char_traits<char>, std::allocator<char> >::_M_create(unsigned int&, unsigned int)’未定义的引用
has_addr2line.cpp:(.text.startup+0x52)：对‘operator delete(void*)’未定义的引用
has_addr2line.cpp:(.text.startup+0x62)：对‘operator delete(void*)’未定义的引用
has_addr2line.cpp:(.text.startup+0x66)：对‘__cxa_end_cleanup’未定义的引用
bin.v2/libs/stacktrace/build/gcc-5/release/threading-multi/visibility-hidden/has_addr2line.o:(.ARM.extab.text.startup+0x0)：对‘__gxx_personality_v0’未定义的引用
collect2: error: ld returned 1 exit status

    "/usr/local/external-toolchain/gcc-linaro-5.3.1-arm/bin/arm-linux-gnueabi-gcc"    -o "bin.v2/libs/stacktrace/build/gcc-5/release/threading-multi/visibility-hidden/addr2line_exe" -Wl,--start-group "bin.v2/libs/stacktrace/build/gcc-5/release/threading-multi/visibility-hidden/has_addr2line.o"  -Wl,-Bstatic  -Wl,-Bdynamic -lrt -Wl,--end-group -fPIC -pthread -fvisibility=hidden -fvisibility-inlines-hidden 

...failed gcc.link bin.v2/libs/stacktrace/build/gcc-5/release/threading-multi/visibility-hidden/addr2line_exe...
...skipped <pbin.v2/libs/stacktrace/build/gcc-5/release/threading-multi/visibility-hidden>addr2line.output for lack of <pbin.v2/libs/stacktrace/build/gcc-5/release/threading-multi/visibility-hidden>addr2line_exe...
...failed updating 1 target...
...skipped 1 target...
...updated 1 target...
...found 5 targets...
...updating 3 targets...
gcc.compile.c++ bin.v2/libs/stacktrace/build/gcc-5/release/threading-multi/visibility-hidden/has_windbg.o
libs/stacktrace/build/has_windbg.cpp:8:21: fatal error: windows.h: No such file or directory
compilation terminated.

    "/usr/local/external-toolchain/gcc-linaro-5.3.1-arm/bin/arm-linux-gnueabi-gcc"   -fvisibility-inlines-hidden -fPIC -pthread -O3 -finline-functions -Wno-inline -Wall -fvisibility=hidden  -DBOOST_ALL_NO_LIB=1 -DNDEBUG  -I"."  -c -o "bin.v2/libs/stacktrace/build/gcc-5/release/threading-multi/visibility-hidden/has_windbg.o" "libs/stacktrace/build/has_windbg.cpp"

...failed gcc.compile.c++ bin.v2/libs/stacktrace/build/gcc-5/release/threading-multi/visibility-hidden/has_windbg.o...
...skipped <pbin.v2/libs/stacktrace/build/gcc-5/release/threading-multi/visibility-hidden>WinDbg_exe for lack of <pbin.v2/libs/stacktrace/build/gcc-5/release/threading-multi/visibility-hidden>has_windbg.o...
...skipped <pbin.v2/libs/stacktrace/build/gcc-5/release/threading-multi/visibility-hidden>WinDbg.output for lack of <pbin.v2/libs/stacktrace/build/gcc-5/release/threading-multi/visibility-hidden>WinDbg_exe...
...failed updating 1 target...
...skipped 2 targets...
...found 4 targets...
...updating 3 targets...
gcc.compile.c++ bin.v2/libs/stacktrace/build/gcc-5/release/threading-multi/visibility-hidden/has_windbg_cached.o
libs/stacktrace/build/has_windbg_cached.cpp:11:21: fatal error: windows.h: No such file or directory
compilation terminated.

    "/usr/local/external-toolchain/gcc-linaro-5.3.1-arm/bin/arm-linux-gnueabi-gcc"   -fvisibility-inlines-hidden -fPIC -pthread -O3 -finline-functions -Wno-inline -Wall -fvisibility=hidden  -DBOOST_ALL_NO_LIB=1 -DNDEBUG  -I"."  -c -o "bin.v2/libs/stacktrace/build/gcc-5/release/threading-multi/visibility-hidden/has_windbg_cached.o" "libs/stacktrace/build/has_windbg_cached.cpp"

...failed gcc.compile.c++ bin.v2/libs/stacktrace/build/gcc-5/release/threading-multi/visibility-hidden/has_windbg_cached.o...
...skipped <pbin.v2/libs/stacktrace/build/gcc-5/release/threading-multi/visibility-hidden>WinDbgCached_exe for lack of <pbin.v2/libs/stacktrace/build/gcc-5/release/threading-multi/visibility-hidden>has_windbg_cached.o...
...skipped <pbin.v2/libs/stacktrace/build/gcc-5/release/threading-multi/visibility-hidden>WinDbgCached.output for lack of <pbin.v2/libs/stacktrace/build/gcc-5/release/threading-multi/visibility-hidden>WinDbgCached_exe...
...failed updating 1 target...
...skipped 2 targets...
...found 165 targets...
...updating 7 targets...
gcc.compile.c++ bin.v2/check/predef/gcc-5/release/threading-multi/visibility-hidden/predef_check_cc_09a06289f4560e2f553bb0cbbec71436.o
...updated 7 targets...
...found 4 targets...
...updating 4 targets...
gcc.compile.c++ bin.v2/check/predef/gcc-5/release/link-static/threading-multi/visibility-hidden/predef_check_cc_09a06289f4560e2f553bb0cbbec71436.o
...updated 4 targets...
...found 4 targets...
...updating 4 targets...
gcc.compile.c++ bin.v2/libs/filesystem/config/gcc-5/release/link-static/threading-multi/visibility-hidden/has_cxx20_atomic_ref.o
In file included from /usr/local/external-toolchain/gcc-linaro-5.3.1-arm/arm-linux-gnueabi/include/c++/5.3.1/atomic:38:0,
                 from libs/filesystem/config/has_cxx20_atomic_ref.cpp:8:
/usr/local/external-toolchain/gcc-linaro-5.3.1-arm/arm-linux-gnueabi/include/c++/5.3.1/bits/c++0x_warning.h:32:2: error: #error This file requires compiler and library support for the ISO C++ 2011 standard. This support must be enabled with the -std=c++11 or -std=gnu++11 compiler options.
 #error This file requires compiler and library support \
  ^
libs/filesystem/config/has_cxx20_atomic_ref.cpp: In function 'int main()':
libs/filesystem/config/has_cxx20_atomic_ref.cpp:15:5: error: 'atomic_ref' is not a member of 'std'
     std::atomic_ref< func_t* > ref(func);
     ^
libs/filesystem/config/has_cxx20_atomic_ref.cpp:15:28: error: expected primary-expression before '*' token
     std::atomic_ref< func_t* > ref(func);
                            ^
libs/filesystem/config/has_cxx20_atomic_ref.cpp:15:30: error: expected primary-expression before '>' token
     std::atomic_ref< func_t* > ref(func);
                              ^
libs/filesystem/config/has_cxx20_atomic_ref.cpp:15:40: error: 'ref' was not declared in this scope
     std::atomic_ref< func_t* > ref(func);
                                        ^
libs/filesystem/config/has_cxx20_atomic_ref.cpp:16:14: error: 'memory_order_relaxed' is not a member of 'std'
     ref.load(std::memory_order_relaxed);
              ^
libs/filesystem/config/has_cxx20_atomic_ref.cpp:17:27: error: 'memory_order_relaxed' is not a member of 'std'
     ref.store((func_t*)0, std::memory_order_relaxed);
                           ^

    "/usr/local/external-toolchain/gcc-linaro-5.3.1-arm/bin/arm-linux-gnueabi-gcc"   -fvisibility-inlines-hidden -pthread -O3 -finline-functions -Wno-inline -Wall -fvisibility=hidden  -DBOOST_ALL_NO_LIB=1 -DNDEBUG  -I"." -I"libs/filesystem/src"  -c -o "bin.v2/libs/filesystem/config/gcc-5/release/link-static/threading-multi/visibility-hidden/has_cxx20_atomic_ref.o" "libs/filesystem/config/has_cxx20_atomic_ref.cpp"

...failed gcc.compile.c++ bin.v2/libs/filesystem/config/gcc-5/release/link-static/threading-multi/visibility-hidden/has_cxx20_atomic_ref.o...
...failed updating 1 target...
...updated 3 targets...
...found 1 target...
...updating 1 target...
gcc.compile.c++ bin.v2/libs/filesystem/config/gcc-5/release/link-static/threading-multi/visibility-hidden/has_statx.o
libs/filesystem/config/has_statx.cpp: In function 'int main()':
libs/filesystem/config/has_statx.cpp:17:18: error: aggregate 'main()::statx st' has incomplete type and cannot be defined
     struct statx st;
                  ^
libs/filesystem/config/has_statx.cpp:18:75: error: 'STATX_BTIME' was not declared in this scope
     int res = statx(AT_FDCWD, ".", AT_SYMLINK_NOFOLLOW | AT_NO_AUTOMOUNT, STATX_BTIME, &st);
                                                                           ^
libs/filesystem/config/has_statx.cpp:18:91: error: invalid use of incomplete type 'struct main()::statx'
     int res = statx(AT_FDCWD, ".", AT_SYMLINK_NOFOLLOW | AT_NO_AUTOMOUNT, STATX_BTIME, &st);
                                                                                           ^
libs/filesystem/config/has_statx.cpp:17:12: note: forward declaration of 'struct main()::statx'
     struct statx st;
            ^
libs/filesystem/config/has_statx.cpp:18:9: warning: unused variable 'res' [-Wunused-variable]
     int res = statx(AT_FDCWD, ".", AT_SYMLINK_NOFOLLOW | AT_NO_AUTOMOUNT, STATX_BTIME, &st);
         ^

    "/usr/local/external-toolchain/gcc-linaro-5.3.1-arm/bin/arm-linux-gnueabi-gcc"   -fvisibility-inlines-hidden -pthread -O3 -finline-functions -Wno-inline -Wall -fvisibility=hidden  -DBOOST_ALL_NO_LIB=1 -DNDEBUG  -I"." -I"libs/filesystem/src"  -c -o "bin.v2/libs/filesystem/config/gcc-5/release/link-static/threading-multi/visibility-hidden/has_statx.o" "libs/filesystem/config/has_statx.cpp"

...failed gcc.compile.c++ bin.v2/libs/filesystem/config/gcc-5/release/link-static/threading-multi/visibility-hidden/has_statx.o...
...failed updating 1 target...
...found 1 target...
...updating 1 target...
gcc.compile.c++ bin.v2/libs/filesystem/config/gcc-5/release/link-static/threading-multi/visibility-hidden/has_statx_syscall.o
libs/filesystem/config/has_statx_syscall.cpp:21:2: error: #error "No statx syscall"
 #error "No statx syscall"
  ^
libs/filesystem/config/has_statx_syscall.cpp: In function 'int main()':
libs/filesystem/config/has_statx_syscall.cpp:26:18: error: aggregate 'main()::statx st' has incomplete type and cannot be defined
     struct statx st;
                  ^
libs/filesystem/config/has_statx_syscall.cpp:27:23: error: '__NR_statx' was not declared in this scope
     int res = syscall(__NR_statx, AT_FDCWD, ".", AT_SYMLINK_NOFOLLOW | AT_NO_AUTOMOUNT, STATX_BTIME, &st);
                       ^
libs/filesystem/config/has_statx_syscall.cpp:27:89: error: 'STATX_BTIME' was not declared in this scope
     int res = syscall(__NR_statx, AT_FDCWD, ".", AT_SYMLINK_NOFOLLOW | AT_NO_AUTOMOUNT, STATX_BTIME, &st);
                                                                                         ^
libs/filesystem/config/has_statx_syscall.cpp:27:9: warning: unused variable 'res' [-Wunused-variable]
     int res = syscall(__NR_statx, AT_FDCWD, ".", AT_SYMLINK_NOFOLLOW | AT_NO_AUTOMOUNT, STATX_BTIME, &st);
         ^

    "/usr/local/external-toolchain/gcc-linaro-5.3.1-arm/bin/arm-linux-gnueabi-gcc"   -fvisibility-inlines-hidden -pthread -O3 -finline-functions -Wno-inline -Wall -fvisibility=hidden  -DBOOST_ALL_NO_LIB=1 -DNDEBUG  -I"." -I"libs/filesystem/src"  -c -o "bin.v2/libs/filesystem/config/gcc-5/release/link-static/threading-multi/visibility-hidden/has_statx_syscall.o" "libs/filesystem/config/has_statx_syscall.cpp"

...failed gcc.compile.c++ bin.v2/libs/filesystem/config/gcc-5/release/link-static/threading-multi/visibility-hidden/has_statx_syscall.o...
...failed updating 1 target...
...found 1 target...
...updating 1 target...
gcc.compile.c++ bin.v2/libs/filesystem/config/gcc-5/release/link-static/threading-multi/visibility-hidden/has_attribute_init_priority.o
...updated 1 target...
...found 1 target...
...updating 1 target...
gcc.compile.c++ bin.v2/libs/filesystem/config/gcc-5/release/link-static/threading-multi/visibility-hidden/has_stat_st_mtim.o
libs/filesystem/config/has_stat_st_mtim.cpp: In function 'int main()':
libs/filesystem/config/has_stat_st_mtim.cpp:16:17: warning: variable 'st' set but not used [-Wunused-but-set-variable]
     struct stat st;
                 ^
...updated 1 target...
...found 1 target...
...updating 1 target...
gcc.compile.c++ bin.v2/libs/filesystem/config/gcc-5/release/link-static/threading-multi/visibility-hidden/has_stat_st_mtimensec.o
libs/filesystem/config/has_stat_st_mtimensec.cpp: In function 'int main()':
libs/filesystem/config/has_stat_st_mtimensec.cpp:17:8: error: 'struct stat' has no member named 'st_mtimensec'
     st.st_mtimensec = 10;
        ^

    "/usr/local/external-toolchain/gcc-linaro-5.3.1-arm/bin/arm-linux-gnueabi-gcc"   -fvisibility-inlines-hidden -pthread -O3 -finline-functions -Wno-inline -Wall -fvisibility=hidden  -DBOOST_ALL_NO_LIB=1 -DNDEBUG  -I"." -I"libs/filesystem/src"  -c -o "bin.v2/libs/filesystem/config/gcc-5/release/link-static/threading-multi/visibility-hidden/has_stat_st_mtimensec.o" "libs/filesystem/config/has_stat_st_mtimensec.cpp"

...failed gcc.compile.c++ bin.v2/libs/filesystem/config/gcc-5/release/link-static/threading-multi/visibility-hidden/has_stat_st_mtimensec.o...
...failed updating 1 target...
...found 1 target...
...updating 1 target...
gcc.compile.c++ bin.v2/libs/filesystem/config/gcc-5/release/link-static/threading-multi/visibility-hidden/has_stat_st_mtimespec.o
libs/filesystem/config/has_stat_st_mtimespec.cpp: In function 'int main()':
libs/filesystem/config/has_stat_st_mtimespec.cpp:17:8: error: 'struct stat' has no member named 'st_mtimespec'
     st.st_mtimespec.tv_nsec = 10;
        ^

    "/usr/local/external-toolchain/gcc-linaro-5.3.1-arm/bin/arm-linux-gnueabi-gcc"   -fvisibility-inlines-hidden -pthread -O3 -finline-functions -Wno-inline -Wall -fvisibility=hidden  -DBOOST_ALL_NO_LIB=1 -DNDEBUG  -I"." -I"libs/filesystem/src"  -c -o "bin.v2/libs/filesystem/config/gcc-5/release/link-static/threading-multi/visibility-hidden/has_stat_st_mtimespec.o" "libs/filesystem/config/has_stat_st_mtimespec.cpp"

...failed gcc.compile.c++ bin.v2/libs/filesystem/config/gcc-5/release/link-static/threading-multi/visibility-hidden/has_stat_st_mtimespec.o...
...failed updating 1 target...
...found 1 target...
...updating 1 target...
gcc.compile.c++ bin.v2/libs/filesystem/config/gcc-5/release/link-static/threading-multi/visibility-hidden/has_stat_st_birthtim.o
libs/filesystem/config/has_stat_st_birthtim.cpp: In function 'int main()':
libs/filesystem/config/has_stat_st_birthtim.cpp:17:8: error: 'struct stat' has no member named 'st_birthtim'
     st.st_birthtim.tv_sec = 1;
        ^
libs/filesystem/config/has_stat_st_birthtim.cpp:18:8: error: 'struct stat' has no member named 'st_birthtim'
     st.st_birthtim.tv_nsec = 10;
        ^

    "/usr/local/external-toolchain/gcc-linaro-5.3.1-arm/bin/arm-linux-gnueabi-gcc"   -fvisibility-inlines-hidden -pthread -O3 -finline-functions -Wno-inline -Wall -fvisibility=hidden  -DBOOST_ALL_NO_LIB=1 -DNDEBUG  -I"." -I"libs/filesystem/src"  -c -o "bin.v2/libs/filesystem/config/gcc-5/release/link-static/threading-multi/visibility-hidden/has_stat_st_birthtim.o" "libs/filesystem/config/has_stat_st_birthtim.cpp"

...failed gcc.compile.c++ bin.v2/libs/filesystem/config/gcc-5/release/link-static/threading-multi/visibility-hidden/has_stat_st_birthtim.o...
...failed updating 1 target...
...found 1 target...
...updating 1 target...
gcc.compile.c++ bin.v2/libs/filesystem/config/gcc-5/release/link-static/threading-multi/visibility-hidden/has_stat_st_birthtimensec.o
libs/filesystem/config/has_stat_st_birthtimensec.cpp: In function 'int main()':
libs/filesystem/config/has_stat_st_birthtimensec.cpp:17:8: error: 'struct stat' has no member named 'st_birthtime'
     st.st_birthtime = 1;
        ^
libs/filesystem/config/has_stat_st_birthtimensec.cpp:18:8: error: 'struct stat' has no member named 'st_birthtimensec'
     st.st_birthtimensec = 10;
        ^

    "/usr/local/external-toolchain/gcc-linaro-5.3.1-arm/bin/arm-linux-gnueabi-gcc"   -fvisibility-inlines-hidden -pthread -O3 -finline-functions -Wno-inline -Wall -fvisibility=hidden  -DBOOST_ALL_NO_LIB=1 -DNDEBUG  -I"." -I"libs/filesystem/src"  -c -o "bin.v2/libs/filesystem/config/gcc-5/release/link-static/threading-multi/visibility-hidden/has_stat_st_birthtimensec.o" "libs/filesystem/config/has_stat_st_birthtimensec.cpp"

...failed gcc.compile.c++ bin.v2/libs/filesystem/config/gcc-5/release/link-static/threading-multi/visibility-hidden/has_stat_st_birthtimensec.o...
...failed updating 1 target...
...found 1 target...
...updating 1 target...
gcc.compile.c++ bin.v2/libs/filesystem/config/gcc-5/release/link-static/threading-multi/visibility-hidden/has_stat_st_birthtimespec.o
libs/filesystem/config/has_stat_st_birthtimespec.cpp: In function 'int main()':
libs/filesystem/config/has_stat_st_birthtimespec.cpp:17:8: error: 'struct stat' has no member named 'st_birthtimespec'
     st.st_birthtimespec.tv_sec = 1;
        ^
libs/filesystem/config/has_stat_st_birthtimespec.cpp:18:8: error: 'struct stat' has no member named 'st_birthtimespec'
     st.st_birthtimespec.tv_nsec = 10;
        ^

    "/usr/local/external-toolchain/gcc-linaro-5.3.1-arm/bin/arm-linux-gnueabi-gcc"   -fvisibility-inlines-hidden -pthread -O3 -finline-functions -Wno-inline -Wall -fvisibility=hidden  -DBOOST_ALL_NO_LIB=1 -DNDEBUG  -I"." -I"libs/filesystem/src"  -c -o "bin.v2/libs/filesystem/config/gcc-5/release/link-static/threading-multi/visibility-hidden/has_stat_st_birthtimespec.o" "libs/filesystem/config/has_stat_st_birthtimespec.cpp"

...failed gcc.compile.c++ bin.v2/libs/filesystem/config/gcc-5/release/link-static/threading-multi/visibility-hidden/has_stat_st_birthtimespec.o...
...failed updating 1 target...
...found 4 targets...
...updating 4 targets...
gcc.compile.c++ bin.v2/libs/config/checks/gcc-5/release/link-static/threading-multi/visibility-hidden/cxx11_auto_declarations.o
libs/config/checks/test_case.cpp:216:7: error: #error "Defect macro BOOST_NO_CXX11_AUTO_DECLARATIONS is defined."
 #     error "Defect macro BOOST_NO_CXX11_AUTO_DECLARATIONS is defined."
       ^

    "/usr/local/external-toolchain/gcc-linaro-5.3.1-arm/bin/arm-linux-gnueabi-gcc"   -fvisibility-inlines-hidden -pthread -O3 -finline-functions -Wno-inline -Wall -fvisibility=hidden  -DBOOST_ALL_NO_LIB=1 -DNDEBUG -DTEST_BOOST_NO_CXX11_AUTO_DECLARATIONS  -I"."  -c -o "bin.v2/libs/config/checks/gcc-5/release/link-static/threading-multi/visibility-hidden/cxx11_auto_declarations.o" "libs/config/checks/test_case.cpp"

...failed gcc.compile.c++ bin.v2/libs/config/checks/gcc-5/release/link-static/threading-multi/visibility-hidden/cxx11_auto_declarations.o...
...failed updating 1 target...
...updated 3 targets...
...found 1 target...
...updating 1 target...
gcc.compile.c++ bin.v2/libs/config/checks/gcc-5/release/link-static/threading-multi/visibility-hidden/cxx11_constexpr.o
libs/config/checks/test_case.cpp:251:7: error: #error "Defect macro BOOST_NO_CXX11_CONSTEXPR is defined."
 #     error "Defect macro BOOST_NO_CXX11_CONSTEXPR is defined."
       ^

    "/usr/local/external-toolchain/gcc-linaro-5.3.1-arm/bin/arm-linux-gnueabi-gcc"   -fvisibility-inlines-hidden -pthread -O3 -finline-functions -Wno-inline -Wall -fvisibility=hidden  -DBOOST_ALL_NO_LIB=1 -DNDEBUG -DTEST_BOOST_NO_CXX11_CONSTEXPR  -I"."  -c -o "bin.v2/libs/config/checks/gcc-5/release/link-static/threading-multi/visibility-hidden/cxx11_constexpr.o" "libs/config/checks/test_case.cpp"

...failed gcc.compile.c++ bin.v2/libs/config/checks/gcc-5/release/link-static/threading-multi/visibility-hidden/cxx11_constexpr.o...
...failed updating 1 target...
...found 1 target...
...updating 1 target...
gcc.compile.c++ bin.v2/libs/config/checks/gcc-5/release/link-static/threading-multi/visibility-hidden/cxx11_defaulted_functions.o
libs/config/checks/test_case.cpp:731:7: error: #error "Defect macro BOOST_NO_CXX11_DEFAULTED_FUNCTIONS is defined."
 #     error "Defect macro BOOST_NO_CXX11_DEFAULTED_FUNCTIONS is defined."
       ^

    "/usr/local/external-toolchain/gcc-linaro-5.3.1-arm/bin/arm-linux-gnueabi-gcc"   -fvisibility-inlines-hidden -pthread -O3 -finline-functions -Wno-inline -Wall -fvisibility=hidden  -DBOOST_ALL_NO_LIB=1 -DNDEBUG -DTEST_BOOST_NO_CXX11_DEFAULTED_FUNCTIONS  -I"."  -c -o "bin.v2/libs/config/checks/gcc-5/release/link-static/threading-multi/visibility-hidden/cxx11_defaulted_functions.o" "libs/config/checks/test_case.cpp"

...failed gcc.compile.c++ bin.v2/libs/config/checks/gcc-5/release/link-static/threading-multi/visibility-hidden/cxx11_defaulted_functions.o...
...failed updating 1 target...
...found 1 target...
...updating 1 target...
gcc.compile.c++ bin.v2/libs/config/checks/gcc-5/release/link-static/threading-multi/visibility-hidden/cxx11_final.o
libs/config/checks/test_case.cpp:321:7: error: #error "Defect macro BOOST_NO_CXX11_FINAL is defined."
 #     error "Defect macro BOOST_NO_CXX11_FINAL is defined."
       ^

    "/usr/local/external-toolchain/gcc-linaro-5.3.1-arm/bin/arm-linux-gnueabi-gcc"   -fvisibility-inlines-hidden -pthread -O3 -finline-functions -Wno-inline -Wall -fvisibility=hidden  -DBOOST_ALL_NO_LIB=1 -DNDEBUG -DTEST_BOOST_NO_CXX11_FINAL  -I"."  -c -o "bin.v2/libs/config/checks/gcc-5/release/link-static/threading-multi/visibility-hidden/cxx11_final.o" "libs/config/checks/test_case.cpp"

...failed gcc.compile.c++ bin.v2/libs/config/checks/gcc-5/release/link-static/threading-multi/visibility-hidden/cxx11_final.o...
...failed updating 1 target...
...found 1 target...
...updating 1 target...
gcc.compile.c++ bin.v2/libs/config/checks/gcc-5/release/link-static/threading-multi/visibility-hidden/cxx11_hdr_mutex.o
libs/config/checks/test_case.cpp:366:7: error: #error "Defect macro BOOST_NO_CXX11_HDR_MUTEX is defined."
 #     error "Defect macro BOOST_NO_CXX11_HDR_MUTEX is defined."
       ^

    "/usr/local/external-toolchain/gcc-linaro-5.3.1-arm/bin/arm-linux-gnueabi-gcc"   -fvisibility-inlines-hidden -pthread -O3 -finline-functions -Wno-inline -Wall -fvisibility=hidden  -DBOOST_ALL_NO_LIB=1 -DNDEBUG -DTEST_BOOST_NO_CXX11_HDR_MUTEX  -I"."  -c -o "bin.v2/libs/config/checks/gcc-5/release/link-static/threading-multi/visibility-hidden/cxx11_hdr_mutex.o" "libs/config/checks/test_case.cpp"

...failed gcc.compile.c++ bin.v2/libs/config/checks/gcc-5/release/link-static/threading-multi/visibility-hidden/cxx11_hdr_mutex.o...
...failed updating 1 target...
...found 1 target...
...updating 1 target...
gcc.compile.c++ bin.v2/libs/config/checks/gcc-5/release/link-static/threading-multi/visibility-hidden/cxx11_hdr_tuple.o
libs/config/checks/test_case.cpp:396:7: error: #error "Defect macro BOOST_NO_CXX11_HDR_TUPLE is defined."
 #     error "Defect macro BOOST_NO_CXX11_HDR_TUPLE is defined."
       ^

    "/usr/local/external-toolchain/gcc-linaro-5.3.1-arm/bin/arm-linux-gnueabi-gcc"   -fvisibility-inlines-hidden -pthread -O3 -finline-functions -Wno-inline -Wall -fvisibility=hidden  -DBOOST_ALL_NO_LIB=1 -DNDEBUG -DTEST_BOOST_NO_CXX11_HDR_TUPLE  -I"."  -c -o "bin.v2/libs/config/checks/gcc-5/release/link-static/threading-multi/visibility-hidden/cxx11_hdr_tuple.o" "libs/config/checks/test_case.cpp"

...failed gcc.compile.c++ bin.v2/libs/config/checks/gcc-5/release/link-static/threading-multi/visibility-hidden/cxx11_hdr_tuple.o...
...failed updating 1 target...
...found 1 target...
...updating 1 target...
gcc.compile.c++ bin.v2/libs/config/checks/gcc-5/release/link-static/threading-multi/visibility-hidden/cxx11_lambdas.o
libs/config/checks/test_case.cpp:836:7: error: #error "Defect macro BOOST_NO_CXX11_LAMBDAS is defined."
 #     error "Defect macro BOOST_NO_CXX11_LAMBDAS is defined."
       ^

    "/usr/local/external-toolchain/gcc-linaro-5.3.1-arm/bin/arm-linux-gnueabi-gcc"   -fvisibility-inlines-hidden -pthread -O3 -finline-functions -Wno-inline -Wall -fvisibility=hidden  -DBOOST_ALL_NO_LIB=1 -DNDEBUG -DTEST_BOOST_NO_CXX11_LAMBDAS  -I"."  -c -o "bin.v2/libs/config/checks/gcc-5/release/link-static/threading-multi/visibility-hidden/cxx11_lambdas.o" "libs/config/checks/test_case.cpp"

...failed gcc.compile.c++ bin.v2/libs/config/checks/gcc-5/release/link-static/threading-multi/visibility-hidden/cxx11_lambdas.o...
...failed updating 1 target...
...found 1 target...
...updating 1 target...
gcc.compile.c++ bin.v2/libs/config/checks/gcc-5/release/link-static/threading-multi/visibility-hidden/cxx11_noexcept.o
libs/config/checks/test_case.cpp:891:7: error: #error "Defect macro BOOST_NO_CXX11_NOEXCEPT is defined."
 #     error "Defect macro BOOST_NO_CXX11_NOEXCEPT is defined."
       ^

    "/usr/local/external-toolchain/gcc-linaro-5.3.1-arm/bin/arm-linux-gnueabi-gcc"   -fvisibility-inlines-hidden -pthread -O3 -finline-functions -Wno-inline -Wall -fvisibility=hidden  -DBOOST_ALL_NO_LIB=1 -DNDEBUG -DTEST_BOOST_NO_CXX11_NOEXCEPT  -I"."  -c -o "bin.v2/libs/config/checks/gcc-5/release/link-static/threading-multi/visibility-hidden/cxx11_noexcept.o" "libs/config/checks/test_case.cpp"

...failed gcc.compile.c++ bin.v2/libs/config/checks/gcc-5/release/link-static/threading-multi/visibility-hidden/cxx11_noexcept.o...
...failed updating 1 target...
...found 1 target...
...updating 1 target...
gcc.compile.c++ bin.v2/libs/config/checks/gcc-5/release/link-static/threading-multi/visibility-hidden/cxx11_nullptr.o
libs/config/checks/test_case.cpp:896:7: error: #error "Defect macro BOOST_NO_CXX11_NULLPTR is defined."
 #     error "Defect macro BOOST_NO_CXX11_NULLPTR is defined."
       ^

    "/usr/local/external-toolchain/gcc-linaro-5.3.1-arm/bin/arm-linux-gnueabi-gcc"   -fvisibility-inlines-hidden -pthread -O3 -finline-functions -Wno-inline -Wall -fvisibility=hidden  -DBOOST_ALL_NO_LIB=1 -DNDEBUG -DTEST_BOOST_NO_CXX11_NULLPTR  -I"."  -c -o "bin.v2/libs/config/checks/gcc-5/release/link-static/threading-multi/visibility-hidden/cxx11_nullptr.o" "libs/config/checks/test_case.cpp"

...failed gcc.compile.c++ bin.v2/libs/config/checks/gcc-5/release/link-static/threading-multi/visibility-hidden/cxx11_nullptr.o...
...failed updating 1 target...
...found 1 target...
...updating 1 target...
gcc.compile.c++ bin.v2/libs/config/checks/gcc-5/release/link-static/threading-multi/visibility-hidden/cxx11_rvalue_references.o
libs/config/checks/test_case.cpp:951:7: error: #error "Defect macro BOOST_NO_CXX11_RVALUE_REFERENCES is defined."
 #     error "Defect macro BOOST_NO_CXX11_RVALUE_REFERENCES is defined."
       ^

    "/usr/local/external-toolchain/gcc-linaro-5.3.1-arm/bin/arm-linux-gnueabi-gcc"   -fvisibility-inlines-hidden -pthread -O3 -finline-functions -Wno-inline -Wall -fvisibility=hidden  -DBOOST_ALL_NO_LIB=1 -DNDEBUG -DTEST_BOOST_NO_CXX11_RVALUE_REFERENCES  -I"."  -c -o "bin.v2/libs/config/checks/gcc-5/release/link-static/threading-multi/visibility-hidden/cxx11_rvalue_references.o" "libs/config/checks/test_case.cpp"

...failed gcc.compile.c++ bin.v2/libs/config/checks/gcc-5/release/link-static/threading-multi/visibility-hidden/cxx11_rvalue_references.o...
...failed updating 1 target...
...found 1 target...
...updating 1 target...
gcc.compile.c++ bin.v2/libs/config/checks/gcc-5/release/link-static/threading-multi/visibility-hidden/cxx11_template_aliases.o
libs/config/checks/test_case.cpp:1056:7: error: #error "Defect macro BOOST_NO_CXX11_TEMPLATE_ALIASES is defined."
 #     error "Defect macro BOOST_NO_CXX11_TEMPLATE_ALIASES is defined."
       ^

    "/usr/local/external-toolchain/gcc-linaro-5.3.1-arm/bin/arm-linux-gnueabi-gcc"   -fvisibility-inlines-hidden -pthread -O3 -finline-functions -Wno-inline -Wall -fvisibility=hidden  -DBOOST_ALL_NO_LIB=1 -DNDEBUG -DTEST_BOOST_NO_CXX11_TEMPLATE_ALIASES  -I"."  -c -o "bin.v2/libs/config/checks/gcc-5/release/link-static/threading-multi/visibility-hidden/cxx11_template_aliases.o" "libs/config/checks/test_case.cpp"

...failed gcc.compile.c++ bin.v2/libs/config/checks/gcc-5/release/link-static/threading-multi/visibility-hidden/cxx11_template_aliases.o...
...failed updating 1 target...
...found 1 target...
...updating 1 target...
gcc.compile.c++ bin.v2/libs/config/checks/gcc-5/release/link-static/threading-multi/visibility-hidden/cxx11_thread_local.o
libs/config/checks/test_case.cpp:466:7: error: #error "Defect macro BOOST_NO_CXX11_THREAD_LOCAL is defined."
 #     error "Defect macro BOOST_NO_CXX11_THREAD_LOCAL is defined."
       ^

    "/usr/local/external-toolchain/gcc-linaro-5.3.1-arm/bin/arm-linux-gnueabi-gcc"   -fvisibility-inlines-hidden -pthread -O3 -finline-functions -Wno-inline -Wall -fvisibility=hidden  -DBOOST_ALL_NO_LIB=1 -DNDEBUG -DTEST_BOOST_NO_CXX11_THREAD_LOCAL  -I"."  -c -o "bin.v2/libs/config/checks/gcc-5/release/link-static/threading-multi/visibility-hidden/cxx11_thread_local.o" "libs/config/checks/test_case.cpp"

...failed gcc.compile.c++ bin.v2/libs/config/checks/gcc-5/release/link-static/threading-multi/visibility-hidden/cxx11_thread_local.o...
...failed updating 1 target...
...found 1 target...
...updating 1 target...
gcc.compile.c++ bin.v2/libs/config/checks/gcc-5/release/link-static/threading-multi/visibility-hidden/cxx11_variadic_templates.o
libs/config/checks/test_case.cpp:1116:7: error: #error "Defect macro BOOST_NO_CXX11_VARIADIC_TEMPLATES is defined."
 #     error "Defect macro BOOST_NO_CXX11_VARIADIC_TEMPLATES is defined."
       ^

    "/usr/local/external-toolchain/gcc-linaro-5.3.1-arm/bin/arm-linux-gnueabi-gcc"   -fvisibility-inlines-hidden -pthread -O3 -finline-functions -Wno-inline -Wall -fvisibility=hidden  -DBOOST_ALL_NO_LIB=1 -DNDEBUG -DTEST_BOOST_NO_CXX11_VARIADIC_TEMPLATES  -I"."  -c -o "bin.v2/libs/config/checks/gcc-5/release/link-static/threading-multi/visibility-hidden/cxx11_variadic_templates.o" "libs/config/checks/test_case.cpp"

...failed gcc.compile.c++ bin.v2/libs/config/checks/gcc-5/release/link-static/threading-multi/visibility-hidden/cxx11_variadic_templates.o...
...failed updating 1 target...
...found 5 targets...
...updating 5 targets...
gcc.compile.c++ bin.v2/libs/regex/build/gcc-5/release/link-static/threading-multi/visibility-hidden/has_icu_test.o
libs/regex/build/has_icu_test.cpp:12:30: fatal error: unicode/uversion.h: No such file or directory
compilation terminated.

    "/usr/local/external-toolchain/gcc-linaro-5.3.1-arm/bin/arm-linux-gnueabi-gcc"   -fvisibility-inlines-hidden -pthread -O3 -finline-functions -Wno-inline -Wall -fvisibility=hidden  -DBOOST_ALL_NO_LIB=1 -DBOOST_HAS_ICU=1 -DNDEBUG  -I"."  -c -o "bin.v2/libs/regex/build/gcc-5/release/link-static/threading-multi/visibility-hidden/has_icu_test.o" "libs/regex/build/has_icu_test.cpp"

...failed gcc.compile.c++ bin.v2/libs/regex/build/gcc-5/release/link-static/threading-multi/visibility-hidden/has_icu_test.o...
...skipped <pbin.v2/libs/regex/build/gcc-5/release/link-static/threading-multi/visibility-hidden>has_icu for lack of <pbin.v2/libs/regex/build/gcc-5/release/link-static/threading-multi/visibility-hidden>has_icu_test.o...
...failed updating 1 target...
...skipped 1 target...
...updated 3 targets...
...found 1 target...
...updating 1 target...
gcc.compile.c++ bin.v2/standalone/ac/gcc-5/release/link-static/threading-multi/visibility-hidden/zlib_h.o
bin.v2/standalone/ac/zlib_h.cpp:1:18: fatal error: zlib.h: No such file or directory
compilation terminated.

    "/usr/local/external-toolchain/gcc-linaro-5.3.1-arm/bin/arm-linux-gnueabi-gcc"   -fvisibility-inlines-hidden -pthread -O3 -finline-functions -Wno-inline -Wall -fvisibility=hidden  -DNDEBUG    -c -o "bin.v2/standalone/ac/gcc-5/release/link-static/threading-multi/visibility-hidden/zlib_h.o" "bin.v2/standalone/ac/zlib_h.cpp"

...failed gcc.compile.c++ bin.v2/standalone/ac/gcc-5/release/link-static/threading-multi/visibility-hidden/zlib_h.o...
...failed updating 1 target...
...found 1 target...
...updating 1 target...
gcc.compile.c++ bin.v2/standalone/ac/gcc-5/release/link-static/threading-multi/visibility-hidden/bzlib_h.o
bin.v2/standalone/ac/bzlib_h.cpp:1:19: fatal error: bzlib.h: No such file or directory
compilation terminated.

    "/usr/local/external-toolchain/gcc-linaro-5.3.1-arm/bin/arm-linux-gnueabi-gcc"   -fvisibility-inlines-hidden -pthread -O3 -finline-functions -Wno-inline -Wall -fvisibility=hidden  -DNDEBUG    -c -o "bin.v2/standalone/ac/gcc-5/release/link-static/threading-multi/visibility-hidden/bzlib_h.o" "bin.v2/standalone/ac/bzlib_h.cpp"

...failed gcc.compile.c++ bin.v2/standalone/ac/gcc-5/release/link-static/threading-multi/visibility-hidden/bzlib_h.o...
...failed updating 1 target...
...found 1 target...
...updating 1 target...
gcc.compile.c++ bin.v2/standalone/ac/gcc-5/release/link-static/threading-multi/visibility-hidden/lzma_h.o
bin.v2/standalone/ac/lzma_h.cpp:1:18: fatal error: lzma.h: No such file or directory
compilation terminated.

    "/usr/local/external-toolchain/gcc-linaro-5.3.1-arm/bin/arm-linux-gnueabi-gcc"   -fvisibility-inlines-hidden -pthread -O3 -finline-functions -Wno-inline -Wall -fvisibility=hidden  -DNDEBUG    -c -o "bin.v2/standalone/ac/gcc-5/release/link-static/threading-multi/visibility-hidden/lzma_h.o" "bin.v2/standalone/ac/lzma_h.cpp"

...failed gcc.compile.c++ bin.v2/standalone/ac/gcc-5/release/link-static/threading-multi/visibility-hidden/lzma_h.o...
...failed updating 1 target...
...found 1 target...
...updating 1 target...
gcc.compile.c++ bin.v2/standalone/ac/gcc-5/release/link-static/threading-multi/visibility-hidden/zstd_h.o
bin.v2/standalone/ac/zstd_h.cpp:1:18: fatal error: zstd.h: No such file or directory
compilation terminated.

    "/usr/local/external-toolchain/gcc-linaro-5.3.1-arm/bin/arm-linux-gnueabi-gcc"   -fvisibility-inlines-hidden -pthread -O3 -finline-functions -Wno-inline -Wall -fvisibility=hidden  -DNDEBUG    -c -o "bin.v2/standalone/ac/gcc-5/release/link-static/threading-multi/visibility-hidden/zstd_h.o" "bin.v2/standalone/ac/zstd_h.cpp"

...failed gcc.compile.c++ bin.v2/standalone/ac/gcc-5/release/link-static/threading-multi/visibility-hidden/zstd_h.o...
...failed updating 1 target...
...found 5 targets...
...updating 5 targets...
gcc.compile.c++ bin.v2/libs/iostreams/build/gcc-5/release/link-static/threading-multi/visibility-hidden/has_lzma_cputhreads.o
libs/iostreams/src/../build/has_lzma_cputhreads.cpp:5:18: fatal error: lzma.h: No such file or directory
compilation terminated.

    "/usr/local/external-toolchain/gcc-linaro-5.3.1-arm/bin/arm-linux-gnueabi-gcc"   -fvisibility-inlines-hidden -pthread -O3 -finline-functions -Wno-inline -Wall -fvisibility=hidden  -DBOOST_ALL_NO_LIB=1 -DNDEBUG  -I"."  -c -o "bin.v2/libs/iostreams/build/gcc-5/release/link-static/threading-multi/visibility-hidden/has_lzma_cputhreads.o" "libs/iostreams/src/../build/has_lzma_cputhreads.cpp"

...failed gcc.compile.c++ bin.v2/libs/iostreams/build/gcc-5/release/link-static/threading-multi/visibility-hidden/has_lzma_cputhreads.o...
...skipped <pbin.v2/libs/iostreams/build/gcc-5/release/link-static/threading-multi/visibility-hidden>has_lzma_cputhreads for lack of <pbin.v2/libs/iostreams/build/gcc-5/release/link-static/threading-multi/visibility-hidden>has_lzma_cputhreads.o...
...failed updating 1 target...
...skipped 1 target...
...updated 3 targets...
...found 1 target...
...updating 1 target...
gcc.compile.c++ bin.v2/libs/config/checks/gcc-5/release/link-static/threading-multi/visibility-hidden/cxx11_decltype.o
libs/config/checks/test_case.cpp:716:7: error: #error "Defect macro BOOST_NO_CXX11_DECLTYPE is defined."
 #     error "Defect macro BOOST_NO_CXX11_DECLTYPE is defined."
       ^

    "/usr/local/external-toolchain/gcc-linaro-5.3.1-arm/bin/arm-linux-gnueabi-gcc"   -fvisibility-inlines-hidden -pthread -O3 -finline-functions -Wno-inline -Wall -fvisibility=hidden  -DBOOST_ALL_NO_LIB=1 -DNDEBUG -DTEST_BOOST_NO_CXX11_DECLTYPE  -I"."  -c -o "bin.v2/libs/config/checks/gcc-5/release/link-static/threading-multi/visibility-hidden/cxx11_decltype.o" "libs/config/checks/test_case.cpp"

...failed gcc.compile.c++ bin.v2/libs/config/checks/gcc-5/release/link-static/threading-multi/visibility-hidden/cxx11_decltype.o...
...failed updating 1 target...
...found 4 targets...
...updating 4 targets...
gcc.compile.c++ bin.v2/libs/json/build/gcc-5/release/link-static/threading-multi/visibility-hidden/cxx11_basic_alignas.o
libs/json/src/../check/basic_alignas.cpp:7:8: error: expected constructor, destructor, or type conversion before '(' token
 alignas(16) char test1[10];
        ^
libs/json/src/../check/basic_alignas.cpp:8:17: error: expected constructor, destructor, or type conversion before 'char'
 alignas(double) char test2[10];
                 ^
libs/json/src/../check/basic_alignas.cpp:9:22: error: expected constructor, destructor, or type conversion before 'char'
 alignas(some_struct) char test3[10];
                      ^

    "/usr/local/external-toolchain/gcc-linaro-5.3.1-arm/bin/arm-linux-gnueabi-gcc"   -fvisibility-inlines-hidden -pthread -O3 -finline-functions -Wno-inline -Wall -fvisibility=hidden  -DBOOST_ALL_NO_LIB=1 -DNDEBUG  -I"."  -c -o "bin.v2/libs/json/build/gcc-5/release/link-static/threading-multi/visibility-hidden/cxx11_basic_alignas.o" "libs/json/src/../check/basic_alignas.cpp"

...failed gcc.compile.c++ bin.v2/libs/json/build/gcc-5/release/link-static/threading-multi/visibility-hidden/cxx11_basic_alignas.o...
...failed updating 1 target...
...updated 3 targets...
...found 5 targets...
...updating 5 targets...
gcc.compile.c++ bin.v2/libs/locale/build/gcc-5/release/link-static/threading-multi/visibility-hidden/has_iconv_libc_obj.o
gcc.link bin.v2/libs/locale/build/gcc-5/release/link-static/threading-multi/visibility-hidden/has_iconv
...updated 5 targets...
...found 2 targets...
...updating 2 targets...
gcc.compile.c++ bin.v2/libs/locale/build/gcc-5/release/link-static/threading-multi/visibility-hidden/has_icu_obj.o
libs/locale/src/../build/has_icu_test.cpp:12:30: fatal error: unicode/uversion.h: No such file or directory
compilation terminated.

    "/usr/local/external-toolchain/gcc-linaro-5.3.1-arm/bin/arm-linux-gnueabi-gcc"   -fvisibility-inlines-hidden -pthread -O3 -finline-functions -Wno-inline -Wall -fvisibility=hidden  -DBOOST_ALL_NO_LIB=1 -DNDEBUG  -I"."  -c -o "bin.v2/libs/locale/build/gcc-5/release/link-static/threading-multi/visibility-hidden/has_icu_obj.o" "libs/locale/src/../build/has_icu_test.cpp"

...failed gcc.compile.c++ bin.v2/libs/locale/build/gcc-5/release/link-static/threading-multi/visibility-hidden/has_icu_obj.o...
...skipped <pbin.v2/libs/locale/build/gcc-5/release/link-static/threading-multi/visibility-hidden>has_icu for lack of <pbin.v2/libs/locale/build/gcc-5/release/link-static/threading-multi/visibility-hidden>has_icu_obj.o...
...failed updating 1 target...
...skipped 1 target...
...found 2 targets...
...updating 2 targets...
gcc.compile.c++ bin.v2/libs/locale/build/gcc-5/release/link-static/threading-multi/visibility-hidden/has_icu64_obj.o
libs/locale/src/../build/has_icu_test.cpp:12:30: fatal error: unicode/uversion.h: No such file or directory
compilation terminated.

    "/usr/local/external-toolchain/gcc-linaro-5.3.1-arm/bin/arm-linux-gnueabi-gcc"   -fvisibility-inlines-hidden -pthread -O3 -finline-functions -Wno-inline -Wall -fvisibility=hidden  -DBOOST_ALL_NO_LIB=1 -DNDEBUG  -I"."  -c -o "bin.v2/libs/locale/build/gcc-5/release/link-static/threading-multi/visibility-hidden/has_icu64_obj.o" "libs/locale/src/../build/has_icu_test.cpp"

...failed gcc.compile.c++ bin.v2/libs/locale/build/gcc-5/release/link-static/threading-multi/visibility-hidden/has_icu64_obj.o...
...skipped <pbin.v2/libs/locale/build/gcc-5/release/link-static/threading-multi/visibility-hidden>has_icu64 for lack of <pbin.v2/libs/locale/build/gcc-5/release/link-static/threading-multi/visibility-hidden>has_icu64_obj.o...
...failed updating 1 target...
...skipped 1 target...
...found 5 targets...
...updating 5 targets...
gcc.compile.c++ bin.v2/libs/log/config/atomic-int32/gcc-5/release/link-static/pch-off/threading-multi/visibility-hidden/atomic_int32.o
...updated 5 targets...
...found 5 targets...
...updating 5 targets...
gcc.compile.c++ bin.v2/libs/log/config/native-syslog/gcc-5/release/link-static/pch-off/threading-multi/visibility-hidden/native_syslog.o
...updated 5 targets...
...found 5 targets...
...updating 5 targets...
gcc.compile.c++ bin.v2/libs/log/config/pthread-mutex-robust/gcc-5/release/link-static/pch-off/threading-multi/visibility-hidden/pthread_mutex_robust.o
...updated 5 targets...
...found 5 targets...
...updating 5 targets...
gcc.compile.c++ bin.v2/libs/thread/build/gcc-5/release/link-static/threading-multi/visibility-hidden/has_atomic_flag_lockfree_test.o
gcc.link bin.v2/libs/thread/build/gcc-5/release/link-static/threading-multi/visibility-hidden/has_atomic_flag_lockfree
...updated 5 targets...
...found 4 targets...
...updating 4 targets...
gcc.compile.c++ bin.v2/libs/math/config/gcc-5/release/link-static/threading-multi/visibility-hidden/has_gcc_visibility.o
...updated 4 targets...
...found 1 target...
...updating 1 target...
gcc.compile.c++ bin.v2/libs/config/checks/gcc-5/release/link-static/threading-multi/visibility-hidden/sfinae_expr.o
...updated 1 target...
...found 1 target...
...updating 1 target...
gcc.compile.c++ bin.v2/libs/config/checks/gcc-5/release/link-static/threading-multi/visibility-hidden/cxx11_unified_initialization_syntax.o
libs/config/checks/test_case.cpp:1091:7: error: #error "Defect macro BOOST_NO_CXX11_UNIFIED_INITIALIZATION_SYNTAX is defined."
 #     error "Defect macro BOOST_NO_CXX11_UNIFIED_INITIALIZATION_SYNTAX is defined."
       ^

    "/usr/local/external-toolchain/gcc-linaro-5.3.1-arm/bin/arm-linux-gnueabi-gcc"   -fvisibility-inlines-hidden -pthread -O3 -finline-functions -Wno-inline -Wall -fvisibility=hidden  -DBOOST_ALL_NO_LIB=1 -DNDEBUG -DTEST_BOOST_NO_CXX11_UNIFIED_INITIALIZATION_SYNTAX  -I"."  -c -o "bin.v2/libs/config/checks/gcc-5/release/link-static/threading-multi/visibility-hidden/cxx11_unified_initialization_syntax.o" "libs/config/checks/test_case.cpp"

...failed gcc.compile.c++ bin.v2/libs/config/checks/gcc-5/release/link-static/threading-multi/visibility-hidden/cxx11_unified_initialization_syntax.o...
...failed updating 1 target...
...found 1 target...
...updating 1 target...
gcc.compile.c++ bin.v2/libs/config/checks/gcc-5/release/link-static/threading-multi/visibility-hidden/cxx11_hdr_initializer_list.o
libs/config/checks/test_case.cpp:361:7: error: #error "Defect macro BOOST_NO_CXX11_HDR_INITIALIZER_LIST is defined."
 #     error "Defect macro BOOST_NO_CXX11_HDR_INITIALIZER_LIST is defined."
       ^

    "/usr/local/external-toolchain/gcc-linaro-5.3.1-arm/bin/arm-linux-gnueabi-gcc"   -fvisibility-inlines-hidden -pthread -O3 -finline-functions -Wno-inline -Wall -fvisibility=hidden  -DBOOST_ALL_NO_LIB=1 -DNDEBUG -DTEST_BOOST_NO_CXX11_HDR_INITIALIZER_LIST  -I"."  -c -o "bin.v2/libs/config/checks/gcc-5/release/link-static/threading-multi/visibility-hidden/cxx11_hdr_initializer_list.o" "libs/config/checks/test_case.cpp"

...failed gcc.compile.c++ bin.v2/libs/config/checks/gcc-5/release/link-static/threading-multi/visibility-hidden/cxx11_hdr_initializer_list.o...
...failed updating 1 target...
...found 1 target...
...updating 1 target...
gcc.compile.c++ bin.v2/libs/config/checks/gcc-5/release/link-static/threading-multi/visibility-hidden/cxx11_hdr_chrono.o
libs/config/checks/test_case.cpp:336:7: error: #error "Defect macro BOOST_NO_CXX11_HDR_CHRONO is defined."
 #     error "Defect macro BOOST_NO_CXX11_HDR_CHRONO is defined."
       ^

    "/usr/local/external-toolchain/gcc-linaro-5.3.1-arm/bin/arm-linux-gnueabi-gcc"   -fvisibility-inlines-hidden -pthread -O3 -finline-functions -Wno-inline -Wall -fvisibility=hidden  -DBOOST_ALL_NO_LIB=1 -DNDEBUG -DTEST_BOOST_NO_CXX11_HDR_CHRONO  -I"."  -c -o "bin.v2/libs/config/checks/gcc-5/release/link-static/threading-multi/visibility-hidden/cxx11_hdr_chrono.o" "libs/config/checks/test_case.cpp"

...failed gcc.compile.c++ bin.v2/libs/config/checks/gcc-5/release/link-static/threading-multi/visibility-hidden/cxx11_hdr_chrono.o...
...failed updating 1 target...
...found 1 target...
...updating 1 target...
gcc.compile.c++ bin.v2/libs/config/checks/gcc-5/release/link-static/threading-multi/visibility-hidden/cxx11_numeric_limits.o
libs/config/checks/test_case.cpp:431:7: error: #error "Defect macro BOOST_NO_CXX11_NUMERIC_LIMITS is defined."
 #     error "Defect macro BOOST_NO_CXX11_NUMERIC_LIMITS is defined."
       ^

    "/usr/local/external-toolchain/gcc-linaro-5.3.1-arm/bin/arm-linux-gnueabi-gcc"   -fvisibility-inlines-hidden -pthread -O3 -finline-functions -Wno-inline -Wall -fvisibility=hidden  -DBOOST_ALL_NO_LIB=1 -DNDEBUG -DTEST_BOOST_NO_CXX11_NUMERIC_LIMITS  -I"."  -c -o "bin.v2/libs/config/checks/gcc-5/release/link-static/threading-multi/visibility-hidden/cxx11_numeric_limits.o" "libs/config/checks/test_case.cpp"

...failed gcc.compile.c++ bin.v2/libs/config/checks/gcc-5/release/link-static/threading-multi/visibility-hidden/cxx11_numeric_limits.o...
...failed updating 1 target...
...found 1 target...
...updating 1 target...
gcc.compile.c++ bin.v2/libs/config/checks/gcc-5/release/link-static/threading-multi/visibility-hidden/cxx11_hdr_array.o
libs/config/checks/test_case.cpp:326:7: error: #error "Defect macro BOOST_NO_CXX11_HDR_ARRAY is defined."
 #     error "Defect macro BOOST_NO_CXX11_HDR_ARRAY is defined."
       ^

    "/usr/local/external-toolchain/gcc-linaro-5.3.1-arm/bin/arm-linux-gnueabi-gcc"   -fvisibility-inlines-hidden -pthread -O3 -finline-functions -Wno-inline -Wall -fvisibility=hidden  -DBOOST_ALL_NO_LIB=1 -DNDEBUG -DTEST_BOOST_NO_CXX11_HDR_ARRAY  -I"."  -c -o "bin.v2/libs/config/checks/gcc-5/release/link-static/threading-multi/visibility-hidden/cxx11_hdr_array.o" "libs/config/checks/test_case.cpp"

...failed gcc.compile.c++ bin.v2/libs/config/checks/gcc-5/release/link-static/threading-multi/visibility-hidden/cxx11_hdr_array.o...
...failed updating 1 target...
...found 1 target...
...updating 1 target...
gcc.compile.c++ bin.v2/libs/config/checks/gcc-5/release/link-static/threading-multi/visibility-hidden/cxx11_hdr_atomic.o
libs/config/checks/test_case.cpp:331:7: error: #error "Defect macro BOOST_NO_CXX11_HDR_ATOMIC is defined."
 #     error "Defect macro BOOST_NO_CXX11_HDR_ATOMIC is defined."
       ^

    "/usr/local/external-toolchain/gcc-linaro-5.3.1-arm/bin/arm-linux-gnueabi-gcc"   -fvisibility-inlines-hidden -pthread -O3 -finline-functions -Wno-inline -Wall -fvisibility=hidden  -DBOOST_ALL_NO_LIB=1 -DNDEBUG -DTEST_BOOST_NO_CXX11_HDR_ATOMIC  -I"."  -c -o "bin.v2/libs/config/checks/gcc-5/release/link-static/threading-multi/visibility-hidden/cxx11_hdr_atomic.o" "libs/config/checks/test_case.cpp"

...failed gcc.compile.c++ bin.v2/libs/config/checks/gcc-5/release/link-static/threading-multi/visibility-hidden/cxx11_hdr_atomic.o...
...failed updating 1 target...
...found 1 target...
...updating 1 target...
gcc.compile.c++ bin.v2/libs/config/checks/gcc-5/release/link-static/threading-multi/visibility-hidden/cxx11_hdr_type_traits.o
libs/config/checks/test_case.cpp:401:7: error: #error "Defect macro BOOST_NO_CXX11_HDR_TYPE_TRAITS is defined."
 #     error "Defect macro BOOST_NO_CXX11_HDR_TYPE_TRAITS is defined."
       ^

    "/usr/local/external-toolchain/gcc-linaro-5.3.1-arm/bin/arm-linux-gnueabi-gcc"   -fvisibility-inlines-hidden -pthread -O3 -finline-functions -Wno-inline -Wall -fvisibility=hidden  -DBOOST_ALL_NO_LIB=1 -DNDEBUG -DTEST_BOOST_NO_CXX11_HDR_TYPE_TRAITS  -I"."  -c -o "bin.v2/libs/config/checks/gcc-5/release/link-static/threading-multi/visibility-hidden/cxx11_hdr_type_traits.o" "libs/config/checks/test_case.cpp"

...failed gcc.compile.c++ bin.v2/libs/config/checks/gcc-5/release/link-static/threading-multi/visibility-hidden/cxx11_hdr_type_traits.o...
...failed updating 1 target...
...found 1 target...
...updating 1 target...
gcc.compile.c++ bin.v2/libs/config/checks/gcc-5/release/link-static/threading-multi/visibility-hidden/cxx11_allocator.o
libs/config/checks/test_case.cpp:301:7: error: #error "Defect macro BOOST_NO_CXX11_ALLOCATOR is defined."
 #     error "Defect macro BOOST_NO_CXX11_ALLOCATOR is defined."
       ^

    "/usr/local/external-toolchain/gcc-linaro-5.3.1-arm/bin/arm-linux-gnueabi-gcc"   -fvisibility-inlines-hidden -pthread -O3 -finline-functions -Wno-inline -Wall -fvisibility=hidden  -DBOOST_ALL_NO_LIB=1 -DNDEBUG -DTEST_BOOST_NO_CXX11_ALLOCATOR  -I"."  -c -o "bin.v2/libs/config/checks/gcc-5/release/link-static/threading-multi/visibility-hidden/cxx11_allocator.o" "libs/config/checks/test_case.cpp"

...failed gcc.compile.c++ bin.v2/libs/config/checks/gcc-5/release/link-static/threading-multi/visibility-hidden/cxx11_allocator.o...
...failed updating 1 target...
...found 1 target...
...updating 1 target...
gcc.compile.c++ bin.v2/libs/config/checks/gcc-5/release/link-static/threading-multi/visibility-hidden/cxx11_explicit_conversion_operators.o
libs/config/checks/test_case.cpp:766:7: error: #error "Defect macro BOOST_NO_CXX11_EXPLICIT_CONVERSION_OPERATORS is defined."
 #     error "Defect macro BOOST_NO_CXX11_EXPLICIT_CONVERSION_OPERATORS is defined."
       ^

    "/usr/local/external-toolchain/gcc-linaro-5.3.1-arm/bin/arm-linux-gnueabi-gcc"   -fvisibility-inlines-hidden -pthread -O3 -finline-functions -Wno-inline -Wall -fvisibility=hidden  -DBOOST_ALL_NO_LIB=1 -DNDEBUG -DTEST_BOOST_NO_CXX11_EXPLICIT_CONVERSION_OPERATORS  -I"."  -c -o "bin.v2/libs/config/checks/gcc-5/release/link-static/threading-multi/visibility-hidden/cxx11_explicit_conversion_operators.o" "libs/config/checks/test_case.cpp"

...failed gcc.compile.c++ bin.v2/libs/config/checks/gcc-5/release/link-static/threading-multi/visibility-hidden/cxx11_explicit_conversion_operators.o...
...failed updating 1 target...
...found 1 target...
...updating 1 target...
gcc.compile.c++ bin.v2/libs/config/checks/gcc-5/release/link-static/threading-multi/visibility-hidden/cxx11_static_assert.o
libs/config/checks/test_case.cpp:976:7: error: #error "Defect macro BOOST_NO_CXX11_STATIC_ASSERT is defined."
 #     error "Defect macro BOOST_NO_CXX11_STATIC_ASSERT is defined."
       ^

    "/usr/local/external-toolchain/gcc-linaro-5.3.1-arm/bin/arm-linux-gnueabi-gcc"   -fvisibility-inlines-hidden -pthread -O3 -finline-functions -Wno-inline -Wall -fvisibility=hidden  -DBOOST_ALL_NO_LIB=1 -DNDEBUG -DTEST_BOOST_NO_CXX11_STATIC_ASSERT  -I"."  -c -o "bin.v2/libs/config/checks/gcc-5/release/link-static/threading-multi/visibility-hidden/cxx11_static_assert.o" "libs/config/checks/test_case.cpp"

...failed gcc.compile.c++ bin.v2/libs/config/checks/gcc-5/release/link-static/threading-multi/visibility-hidden/cxx11_static_assert.o...
...failed updating 1 target...
...found 4 targets...
...updating 4 targets...
gcc.compile.c++ bin.v2/libs/nowide/config/gcc-5/release/link-static/threading-multi/visibility-hidden/cxx11_moveable_fstreams.o
libs/nowide/config/check_movable_fstreams.cpp: In function 'void check()':
libs/nowide/config/check_movable_fstreams.cpp:16:8: error: 'std::fstream {aka class std::basic_fstream<char>}' has no member named 'swap'
     s1.swap(s2);
        ^
libs/nowide/config/check_movable_fstreams.cpp:17:10: error: 'move' is not a member of 'std'
     s2 = std::move(s1);
          ^

    "/usr/local/external-toolchain/gcc-linaro-5.3.1-arm/bin/arm-linux-gnueabi-gcc"   -fvisibility-inlines-hidden -pthread -O3 -finline-functions -Wno-inline -Wall -fvisibility=hidden  -DBOOST_ALL_NO_LIB=1 -DNDEBUG  -I"."  -c -o "bin.v2/libs/nowide/config/gcc-5/release/link-static/threading-multi/visibility-hidden/cxx11_moveable_fstreams.o" "libs/nowide/config/check_movable_fstreams.cpp"

...failed gcc.compile.c++ bin.v2/libs/nowide/config/gcc-5/release/link-static/threading-multi/visibility-hidden/cxx11_moveable_fstreams.o...
...failed updating 1 target...
...updated 3 targets...
...found 2 targets...
...updating 2 targets...
gcc.compile.c++ bin.v2/libs/nowide/config/gcc-5/release/link-static/threading-multi/visibility-hidden/check_lfs_support.o
libs/nowide/config/check_lfs_support.cpp:29:5: warning: identifier 'nullptr' is a keyword in C++11 [-Wc++0x-compat]
     check(nullptr);
     ^
libs/nowide/config/check_lfs_support.cpp: In function 'int main()':
libs/nowide/config/check_lfs_support.cpp:29:11: error: 'nullptr' was not declared in this scope
     check(nullptr);
           ^

    "/usr/local/external-toolchain/gcc-linaro-5.3.1-arm/bin/arm-linux-gnueabi-gcc"   -fvisibility-inlines-hidden -pthread -O3 -finline-functions -Wno-inline -Wall -fvisibility=hidden  -DBOOST_ALL_NO_LIB=1 -DNDEBUG  -I"."  -c -o "bin.v2/libs/nowide/config/gcc-5/release/link-static/threading-multi/visibility-hidden/check_lfs_support.o" "libs/nowide/config/check_lfs_support.cpp"

...failed gcc.compile.c++ bin.v2/libs/nowide/config/gcc-5/release/link-static/threading-multi/visibility-hidden/check_lfs_support.o...
...skipped <pbin.v2/libs/nowide/config/gcc-5/release/link-static/threading-multi/visibility-hidden>lfs_support for lack of <pbin.v2/libs/nowide/config/gcc-5/release/link-static/threading-multi/visibility-hidden>check_lfs_support.o...
...failed updating 1 target...
...skipped 1 target...
...found 1 target...
...updating 1 target...
gcc.compile.c++ bin.v2/libs/nowide/config/gcc-5/release/link-static/threading-multi/visibility-hidden/attribute_init_priority.o
...updated 1 target...
...found 6 targets...
...updating 6 targets...
gcc.compile.c++ bin.v2/libs/stacktrace/build/gcc-5/release/link-static/threading-multi/visibility-hidden/has_backtrace.o
libs/stacktrace/build/has_backtrace.cpp:7:23: fatal error: backtrace.h: No such file or directory
compilation terminated.

    "/usr/local/external-toolchain/gcc-linaro-5.3.1-arm/bin/arm-linux-gnueabi-gcc"   -fvisibility-inlines-hidden -pthread -O3 -finline-functions -Wno-inline -Wall -fvisibility=hidden  -DBOOST_ALL_NO_LIB=1 -DNDEBUG  -I"."  -c -o "bin.v2/libs/stacktrace/build/gcc-5/release/link-static/threading-multi/visibility-hidden/has_backtrace.o" "libs/stacktrace/build/has_backtrace.cpp"

...failed gcc.compile.c++ bin.v2/libs/stacktrace/build/gcc-5/release/link-static/threading-multi/visibility-hidden/has_backtrace.o...
...skipped <pbin.v2/libs/stacktrace/build/gcc-5/release/link-static/threading-multi/visibility-hidden>libbacktrace_exe for lack of <pbin.v2/libs/stacktrace/build/gcc-5/release/link-static/threading-multi/visibility-hidden>has_backtrace.o...
...skipped <pbin.v2/libs/stacktrace/build/gcc-5/release/link-static/threading-multi/visibility-hidden>libbacktrace.output for lack of <pbin.v2/libs/stacktrace/build/gcc-5/release/link-static/threading-multi/visibility-hidden>libbacktrace_exe...
...failed updating 1 target...
...skipped 2 targets...
...updated 3 targets...
...found 3 targets...
...updating 3 targets...
gcc.compile.c++ bin.v2/libs/stacktrace/build/gcc-5/release/link-static/threading-multi/visibility-hidden/has_addr2line.o
gcc.link bin.v2/libs/stacktrace/build/gcc-5/release/link-static/threading-multi/visibility-hidden/addr2line_exe
bin.v2/libs/stacktrace/build/gcc-5/release/link-static/threading-multi/visibility-hidden/has_addr2line.o：在函数‘main’中：
has_addr2line.cpp:(.text.startup+0x1c)：对‘std::__cxx11::basic_string<char, std::char_traits<char>, std::allocator<char> >::_M_create(unsigned int&, unsigned int)’未定义的引用
has_addr2line.cpp:(.text.startup+0x56)：对‘operator delete(void*)’未定义的引用
has_addr2line.cpp:(.text.startup+0x66)：对‘operator delete(void*)’未定义的引用
has_addr2line.cpp:(.text.startup+0x6a)：对‘__cxa_end_cleanup’未定义的引用
bin.v2/libs/stacktrace/build/gcc-5/release/link-static/threading-multi/visibility-hidden/has_addr2line.o:(.ARM.extab.text.startup+0x0)：对‘__gxx_personality_v0’未定义的引用
collect2: error: ld returned 1 exit status

    "/usr/local/external-toolchain/gcc-linaro-5.3.1-arm/bin/arm-linux-gnueabi-gcc"    -o "bin.v2/libs/stacktrace/build/gcc-5/release/link-static/threading-multi/visibility-hidden/addr2line_exe" -Wl,--start-group "bin.v2/libs/stacktrace/build/gcc-5/release/link-static/threading-multi/visibility-hidden/has_addr2line.o"  -Wl,-Bstatic  -Wl,-Bdynamic -lrt -Wl,--end-group -pthread -fvisibility=hidden -fvisibility-inlines-hidden 

...failed gcc.link bin.v2/libs/stacktrace/build/gcc-5/release/link-static/threading-multi/visibility-hidden/addr2line_exe...
...skipped <pbin.v2/libs/stacktrace/build/gcc-5/release/link-static/threading-multi/visibility-hidden>addr2line.output for lack of <pbin.v2/libs/stacktrace/build/gcc-5/release/link-static/threading-multi/visibility-hidden>addr2line_exe...
...failed updating 1 target...
...skipped 1 target...
...updated 1 target...
...found 3 targets...
...updating 3 targets...
gcc.compile.c++ bin.v2/libs/stacktrace/build/gcc-5/release/link-static/threading-multi/visibility-hidden/has_windbg.o
libs/stacktrace/build/has_windbg.cpp:8:21: fatal error: windows.h: No such file or directory
compilation terminated.

    "/usr/local/external-toolchain/gcc-linaro-5.3.1-arm/bin/arm-linux-gnueabi-gcc"   -fvisibility-inlines-hidden -pthread -O3 -finline-functions -Wno-inline -Wall -fvisibility=hidden  -DBOOST_ALL_NO_LIB=1 -DNDEBUG  -I"."  -c -o "bin.v2/libs/stacktrace/build/gcc-5/release/link-static/threading-multi/visibility-hidden/has_windbg.o" "libs/stacktrace/build/has_windbg.cpp"

...failed gcc.compile.c++ bin.v2/libs/stacktrace/build/gcc-5/release/link-static/threading-multi/visibility-hidden/has_windbg.o...
...skipped <pbin.v2/libs/stacktrace/build/gcc-5/release/link-static/threading-multi/visibility-hidden>WinDbg_exe for lack of <pbin.v2/libs/stacktrace/build/gcc-5/release/link-static/threading-multi/visibility-hidden>has_windbg.o...
...skipped <pbin.v2/libs/stacktrace/build/gcc-5/release/link-static/threading-multi/visibility-hidden>WinDbg.output for lack of <pbin.v2/libs/stacktrace/build/gcc-5/release/link-static/threading-multi/visibility-hidden>WinDbg_exe...
...failed updating 1 target...
...skipped 2 targets...
...found 3 targets...
...updating 3 targets...
gcc.compile.c++ bin.v2/libs/stacktrace/build/gcc-5/release/link-static/threading-multi/visibility-hidden/has_windbg_cached.o
libs/stacktrace/build/has_windbg_cached.cpp:11:21: fatal error: windows.h: No such file or directory
compilation terminated.

    "/usr/local/external-toolchain/gcc-linaro-5.3.1-arm/bin/arm-linux-gnueabi-gcc"   -fvisibility-inlines-hidden -pthread -O3 -finline-functions -Wno-inline -Wall -fvisibility=hidden  -DBOOST_ALL_NO_LIB=1 -DNDEBUG  -I"."  -c -o "bin.v2/libs/stacktrace/build/gcc-5/release/link-static/threading-multi/visibility-hidden/has_windbg_cached.o" "libs/stacktrace/build/has_windbg_cached.cpp"

...failed gcc.compile.c++ bin.v2/libs/stacktrace/build/gcc-5/release/link-static/threading-multi/visibility-hidden/has_windbg_cached.o...
...skipped <pbin.v2/libs/stacktrace/build/gcc-5/release/link-static/threading-multi/visibility-hidden>WinDbgCached_exe for lack of <pbin.v2/libs/stacktrace/build/gcc-5/release/link-static/threading-multi/visibility-hidden>has_windbg_cached.o...
...skipped <pbin.v2/libs/stacktrace/build/gcc-5/release/link-static/threading-multi/visibility-hidden>WinDbgCached.output for lack of <pbin.v2/libs/stacktrace/build/gcc-5/release/link-static/threading-multi/visibility-hidden>WinDbgCached_exe...
...failed updating 1 target...
...skipped 2 targets...
...found 1 target...
...updating 1 target...
config-cache.write bin.v2/project-cache.jam
...updated 1 target...
